This is pdfTeX, Version 3.141592653-2.6-1.40.22 (MiKTeX 21.3) (preloaded format=pdflatex 2021.5.5)  19 DEC 2021 18:46
entering extended mode
**"d:/desktop/ПРЕЗЕНТАЦИЯ/отчет НИР/Otchet_NIR_Tislenko.tex"
(d:/desktop/ПРЕЗЕНТАЦИЯ/отчет НИР/Otchet_NIR_Tislenko.tex
LaTeX2e <2020-10-01> patch level 4
L3 programming layer <2021-02-18> (C:\Users\TimofeyT\AppData\Local\Programs\MiKTeX\tex/latex/beamer\beamer.cls
Document Class: beamer 2021/03/19 v3.62 A class for typesetting presentations
(C:\Users\TimofeyT\AppData\Local\Programs\MiKTeX\tex/latex/beamer\beamerbasemodes.sty (C:\Users\TimofeyT\AppData\Local\Programs\MiKTeX\tex/latex/etoolbox\etoolbox.sty
Package: etoolbox 2020/10/05 v2.5k e-TeX tools for LaTeX (JAW)
\etb@tempcnta=\count179
)
\beamer@tempbox=\box47
\beamer@tempcount=\count180
\c@beamerpauses=\count181
 (C:\Users\TimofeyT\AppData\Local\Programs\MiKTeX\tex/latex/beamer\beamerbasedecode.sty
\beamer@slideinframe=\count182
\beamer@minimum=\count183
\beamer@decode@box=\box48
)
\beamer@commentbox=\box49
\beamer@modecount=\count184
) (C:\Users\TimofeyT\AppData\Local\Programs\MiKTeX\tex/generic/iftex\ifpdf.sty
Package: ifpdf 2019/10/25 v3.4 ifpdf legacy package. Use iftex instead.
 (C:\Users\TimofeyT\AppData\Local\Programs\MiKTeX\tex/generic/iftex\iftex.sty
Package: iftex 2020/03/06 v1.0d TeX engine tests
))
\headdp=\dimen138
\footheight=\dimen139
\sidebarheight=\dimen140
\beamer@tempdim=\dimen141
\beamer@finalheight=\dimen142
\beamer@animht=\dimen143
\beamer@animdp=\dimen144
\beamer@animwd=\dimen145
\beamer@leftmargin=\dimen146
\beamer@rightmargin=\dimen147
\beamer@leftsidebar=\dimen148
\beamer@rightsidebar=\dimen149
\beamer@boxsize=\dimen150
\beamer@vboxoffset=\dimen151
\beamer@descdefault=\dimen152
\beamer@descriptionwidth=\dimen153
\beamer@lastskip=\skip47
\beamer@areabox=\box50
\beamer@animcurrent=\box51
\beamer@animshowbox=\box52
\beamer@sectionbox=\box53
\beamer@logobox=\box54
\beamer@linebox=\box55
\beamer@sectioncount=\count185
\beamer@subsubsectionmax=\count186
\beamer@subsectionmax=\count187
\beamer@sectionmax=\count188
\beamer@totalheads=\count189
\beamer@headcounter=\count190
\beamer@partstartpage=\count191
\beamer@sectionstartpage=\count192
\beamer@subsectionstartpage=\count193
\beamer@animationtempa=\count194
\beamer@animationtempb=\count195
\beamer@xpos=\count196
\beamer@ypos=\count197
\beamer@ypos@offset=\count198
\beamer@showpartnumber=\count199
\beamer@currentsubsection=\count266
\beamer@coveringdepth=\count267
\beamer@sectionadjust=\count268
\beamer@tocsectionnumber=\count269
 (C:\Users\TimofeyT\AppData\Local\Programs\MiKTeX\tex/latex/beamer\beamerbaseoptions.sty (C:\Users\TimofeyT\AppData\Local\Programs\MiKTeX\tex/latex/graphics\keyval.sty
Package: keyval 2014/10/28 v1.15 key=value parser (DPC)
\KV@toks@=\toks15
))
\beamer@paperwidth=\skip48
\beamer@paperheight=\skip49
 (C:\Users\TimofeyT\AppData\Local\Programs\MiKTeX\tex/latex/geometry\geometry.sty
Package: geometry 2020/01/02 v5.9 Page Geometry
 (C:\Users\TimofeyT\AppData\Local\Programs\MiKTeX\tex/generic/iftex\ifvtex.sty
Package: ifvtex 2019/10/25 v1.7 ifvtex legacy package. Use iftex instead.
)
\Gm@cnth=\count270
\Gm@cntv=\count271
\c@Gm@tempcnt=\count272
\Gm@bindingoffset=\dimen154
\Gm@wd@mp=\dimen155
\Gm@odd@mp=\dimen156
\Gm@even@mp=\dimen157
\Gm@layoutwidth=\dimen158
\Gm@layoutheight=\dimen159
\Gm@layouthoffset=\dimen160
\Gm@layoutvoffset=\dimen161
\Gm@dimlist=\toks16
 (C:\Users\TimofeyT\AppData\Local\Programs\MiKTeX\tex/latex/geometry\geometry.cfg))

Class beamer Warning: ``mathserif'' is obsolete. Use font theme ``serif'' with option ``onlymath'' on input line 336.

(C:\Users\TimofeyT\AppData\Local\Programs\MiKTeX\tex/latex/base\size10.clo
File: size10.clo 2020/04/10 v1.4m Standard LaTeX file (size option)
) (C:\Users\TimofeyT\AppData\Local\Programs\MiKTeX\tex/latex/pgf/basiclayer\pgfcore.sty (C:\Users\TimofeyT\AppData\Local\Programs\MiKTeX\tex/latex/graphics\graphicx.sty
Package: graphicx 2020/09/09 v1.2b Enhanced LaTeX Graphics (DPC,SPQR)
 (C:\Users\TimofeyT\AppData\Local\Programs\MiKTeX\tex/latex/graphics\graphics.sty
Package: graphics 2020/08/30 v1.4c Standard LaTeX Graphics (DPC,SPQR)
 (C:\Users\TimofeyT\AppData\Local\Programs\MiKTeX\tex/latex/graphics\trig.sty
Package: trig 2016/01/03 v1.10 sin cos tan (DPC)
) (C:\Users\TimofeyT\AppData\Local\Programs\MiKTeX\tex/latex/graphics-cfg\graphics.cfg
File: graphics.cfg 2016/06/04 v1.11 sample graphics configuration
)
Package graphics Info: Driver file: pdftex.def on input line 105.
 (C:\Users\TimofeyT\AppData\Local\Programs\MiKTeX\tex/latex/graphics-def\pdftex.def
File: pdftex.def 2020/10/05 v1.2a Graphics/color driver for pdftex
))
\Gin@req@height=\dimen162
\Gin@req@width=\dimen163
) (C:\Users\TimofeyT\AppData\Local\Programs\MiKTeX\tex/latex/pgf/systemlayer\pgfsys.sty (C:\Users\TimofeyT\AppData\Local\Programs\MiKTeX\tex/latex/pgf/utilities\pgfrcs.sty (C:\Users\TimofeyT\AppData\Local\Programs\MiKTeX\tex/generic/pgf/utilities\pgfutil-common.tex
\pgfutil@everybye=\toks17
\pgfutil@tempdima=\dimen164
\pgfutil@tempdimb=\dimen165
 (C:\Users\TimofeyT\AppData\Local\Programs\MiKTeX\tex/generic/pgf/utilities\pgfutil-common-lists.tex)) (C:\Users\TimofeyT\AppData\Local\Programs\MiKTeX\tex/generic/pgf/utilities\pgfutil-latex.def
\pgfutil@abb=\box56
) (C:\Users\TimofeyT\AppData\Local\Programs\MiKTeX\tex/generic/pgf/utilities\pgfrcs.code.tex (C:\Users\TimofeyT\AppData\Local\Programs\MiKTeX\tex/generic/pgf\pgf.revision.tex)
Package: pgfrcs 2020/12/27 v3.1.8b (3.1.8b)
)) (C:\Users\TimofeyT\AppData\Local\Programs\MiKTeX\tex/generic/pgf/systemlayer\pgfsys.code.tex
Package: pgfsys 2020/12/27 v3.1.8b (3.1.8b)
 (C:\Users\TimofeyT\AppData\Local\Programs\MiKTeX\tex/generic/pgf/utilities\pgfkeys.code.tex
\pgfkeys@pathtoks=\toks18
\pgfkeys@temptoks=\toks19
 (C:\Users\TimofeyT\AppData\Local\Programs\MiKTeX\tex/generic/pgf/utilities\pgfkeysfiltered.code.tex
\pgfkeys@tmptoks=\toks20
))
\pgf@x=\dimen166
\pgf@y=\dimen167
\pgf@xa=\dimen168
\pgf@ya=\dimen169
\pgf@xb=\dimen170
\pgf@yb=\dimen171
\pgf@xc=\dimen172
\pgf@yc=\dimen173
\pgf@xd=\dimen174
\pgf@yd=\dimen175
\w@pgf@writea=\write3
\r@pgf@reada=\read2
\c@pgf@counta=\count273
\c@pgf@countb=\count274
\c@pgf@countc=\count275
\c@pgf@countd=\count276
\t@pgf@toka=\toks21
\t@pgf@tokb=\toks22
\t@pgf@tokc=\toks23
\pgf@sys@id@count=\count277
 (C:\Users\TimofeyT\AppData\Local\Programs\MiKTeX\tex/generic/pgf/systemlayer\pgf.cfg
File: pgf.cfg 2020/12/27 v3.1.8b (3.1.8b)
)
Driver file for pgf: pgfsys-pdftex.def
 (C:\Users\TimofeyT\AppData\Local\Programs\MiKTeX\tex/generic/pgf/systemlayer\pgfsys-pdftex.def
File: pgfsys-pdftex.def 2020/12/27 v3.1.8b (3.1.8b)
 (C:\Users\TimofeyT\AppData\Local\Programs\MiKTeX\tex/generic/pgf/systemlayer\pgfsys-common-pdf.def
File: pgfsys-common-pdf.def 2020/12/27 v3.1.8b (3.1.8b)
))) (C:\Users\TimofeyT\AppData\Local\Programs\MiKTeX\tex/generic/pgf/systemlayer\pgfsyssoftpath.code.tex
File: pgfsyssoftpath.code.tex 2020/12/27 v3.1.8b (3.1.8b)
\pgfsyssoftpath@smallbuffer@items=\count278
\pgfsyssoftpath@bigbuffer@items=\count279
) (C:\Users\TimofeyT\AppData\Local\Programs\MiKTeX\tex/generic/pgf/systemlayer\pgfsysprotocol.code.tex
File: pgfsysprotocol.code.tex 2020/12/27 v3.1.8b (3.1.8b)
)) (C:\Users\TimofeyT\AppData\Local\Programs\MiKTeX\tex/latex/xcolor\xcolor.sty
Package: xcolor 2016/05/11 v2.12 LaTeX color extensions (UK)
 (C:\Users\TimofeyT\AppData\Local\Programs\MiKTeX\tex/latex/graphics-cfg\color.cfg
File: color.cfg 2016/01/02 v1.6 sample color configuration
)
Package xcolor Info: Driver file: pdftex.def on input line 225.
Package xcolor Info: Model `cmy' substituted by `cmy0' on input line 1348.
Package xcolor Info: Model `hsb' substituted by `rgb' on input line 1352.
Package xcolor Info: Model `RGB' extended on input line 1364.
Package xcolor Info: Model `HTML' substituted by `rgb' on input line 1366.
Package xcolor Info: Model `Hsb' substituted by `hsb' on input line 1367.
Package xcolor Info: Model `tHsb' substituted by `hsb' on input line 1368.
Package xcolor Info: Model `HSB' substituted by `hsb' on input line 1369.
Package xcolor Info: Model `Gray' substituted by `gray' on input line 1370.
Package xcolor Info: Model `wave' substituted by `hsb' on input line 1371.
) (C:\Users\TimofeyT\AppData\Local\Programs\MiKTeX\tex/generic/pgf/basiclayer\pgfcore.code.tex
Package: pgfcore 2020/12/27 v3.1.8b (3.1.8b)
 (C:\Users\TimofeyT\AppData\Local\Programs\MiKTeX\tex/generic/pgf/math\pgfmath.code.tex (C:\Users\TimofeyT\AppData\Local\Programs\MiKTeX\tex/generic/pgf/math\pgfmathcalc.code.tex (C:\Users\TimofeyT\AppData\Local\Programs\MiKTeX\tex/generic/pgf/math\pgfmathutil.code.tex) (C:\Users\TimofeyT\AppData\Local\Programs\MiKTeX\tex/generic/pgf/math\pgfmathparser.code.tex
\pgfmath@dimen=\dimen176
\pgfmath@count=\count280
\pgfmath@box=\box57
\pgfmath@toks=\toks24
\pgfmath@stack@operand=\toks25
\pgfmath@stack@operation=\toks26
) (C:\Users\TimofeyT\AppData\Local\Programs\MiKTeX\tex/generic/pgf/math\pgfmathfunctions.code.tex (C:\Users\TimofeyT\AppData\Local\Programs\MiKTeX\tex/generic/pgf/math\pgfmathfunctions.basic.code.tex) (C:\Users\TimofeyT\AppData\Local\Programs\MiKTeX\tex/generic/pgf/math\pgfmathfunctions.trigonometric.code.tex) (C:\Users\TimofeyT\AppData\Local\Programs\MiKTeX\tex/generic/pgf/math\pgfmathfunctions.random.code.tex) (C:\Users\TimofeyT\AppData\Local\Programs\MiKTeX\tex/generic/pgf/math\pgfmathfunctions.comparison.code.tex) (C:\Users\TimofeyT\AppData\Local\Programs\MiKTeX\tex/generic/pgf/math\pgfmathfunctions.base.code.tex) (C:\Users\TimofeyT\AppData\Local\Programs\MiKTeX\tex/generic/pgf/math\pgfmathfunctions.round.code.tex) (C:\Users\TimofeyT\AppData\Local\Programs\MiKTeX\tex/generic/pgf/math\pgfmathfunctions.misc.code.tex) (C:\Users\TimofeyT\AppData\Local\Programs\MiKTeX\tex/generic/pgf/math\pgfmathfunctions.integerarithmetics.code.tex))) (C:\Users\TimofeyT\AppData\Local\Programs\MiKTeX\tex/generic/pgf/math\pgfmathfloat.code.tex
\c@pgfmathroundto@lastzeros=\count281
)) (C:\Users\TimofeyT\AppData\Local\Programs\MiKTeX\tex/generic/pgf/math\pgfint.code.tex) (C:\Users\TimofeyT\AppData\Local\Programs\MiKTeX\tex/generic/pgf/basiclayer\pgfcorepoints.code.tex
File: pgfcorepoints.code.tex 2020/12/27 v3.1.8b (3.1.8b)
\pgf@picminx=\dimen177
\pgf@picmaxx=\dimen178
\pgf@picminy=\dimen179
\pgf@picmaxy=\dimen180
\pgf@pathminx=\dimen181
\pgf@pathmaxx=\dimen182
\pgf@pathminy=\dimen183
\pgf@pathmaxy=\dimen184
\pgf@xx=\dimen185
\pgf@xy=\dimen186
\pgf@yx=\dimen187
\pgf@yy=\dimen188
\pgf@zx=\dimen189
\pgf@zy=\dimen190
) (C:\Users\TimofeyT\AppData\Local\Programs\MiKTeX\tex/generic/pgf/basiclayer\pgfcorepathconstruct.code.tex
File: pgfcorepathconstruct.code.tex 2020/12/27 v3.1.8b (3.1.8b)
\pgf@path@lastx=\dimen191
\pgf@path@lasty=\dimen192
) (C:\Users\TimofeyT\AppData\Local\Programs\MiKTeX\tex/generic/pgf/basiclayer\pgfcorepathusage.code.tex
File: pgfcorepathusage.code.tex 2020/12/27 v3.1.8b (3.1.8b)
\pgf@shorten@end@additional=\dimen193
\pgf@shorten@start@additional=\dimen194
) (C:\Users\TimofeyT\AppData\Local\Programs\MiKTeX\tex/generic/pgf/basiclayer\pgfcorescopes.code.tex
File: pgfcorescopes.code.tex 2020/12/27 v3.1.8b (3.1.8b)
\pgfpic=\box58
\pgf@hbox=\box59
\pgf@layerbox@main=\box60
\pgf@picture@serial@count=\count282
) (C:\Users\TimofeyT\AppData\Local\Programs\MiKTeX\tex/generic/pgf/basiclayer\pgfcoregraphicstate.code.tex
File: pgfcoregraphicstate.code.tex 2020/12/27 v3.1.8b (3.1.8b)
\pgflinewidth=\dimen195
) (C:\Users\TimofeyT\AppData\Local\Programs\MiKTeX\tex/generic/pgf/basiclayer\pgfcoretransformations.code.tex
File: pgfcoretransformations.code.tex 2020/12/27 v3.1.8b (3.1.8b)
\pgf@pt@x=\dimen196
\pgf@pt@y=\dimen197
\pgf@pt@temp=\dimen198
) (C:\Users\TimofeyT\AppData\Local\Programs\MiKTeX\tex/generic/pgf/basiclayer\pgfcorequick.code.tex
File: pgfcorequick.code.tex 2020/12/27 v3.1.8b (3.1.8b)
) (C:\Users\TimofeyT\AppData\Local\Programs\MiKTeX\tex/generic/pgf/basiclayer\pgfcoreobjects.code.tex
File: pgfcoreobjects.code.tex 2020/12/27 v3.1.8b (3.1.8b)
) (C:\Users\TimofeyT\AppData\Local\Programs\MiKTeX\tex/generic/pgf/basiclayer\pgfcorepathprocessing.code.tex
File: pgfcorepathprocessing.code.tex 2020/12/27 v3.1.8b (3.1.8b)
) (C:\Users\TimofeyT\AppData\Local\Programs\MiKTeX\tex/generic/pgf/basiclayer\pgfcorearrows.code.tex
File: pgfcorearrows.code.tex 2020/12/27 v3.1.8b (3.1.8b)
\pgfarrowsep=\dimen199
) (C:\Users\TimofeyT\AppData\Local\Programs\MiKTeX\tex/generic/pgf/basiclayer\pgfcoreshade.code.tex
File: pgfcoreshade.code.tex 2020/12/27 v3.1.8b (3.1.8b)
\pgf@max=\dimen256
\pgf@sys@shading@range@num=\count283
\pgf@shadingcount=\count284
) (C:\Users\TimofeyT\AppData\Local\Programs\MiKTeX\tex/generic/pgf/basiclayer\pgfcoreimage.code.tex
File: pgfcoreimage.code.tex 2020/12/27 v3.1.8b (3.1.8b)
 (C:\Users\TimofeyT\AppData\Local\Programs\MiKTeX\tex/generic/pgf/basiclayer\pgfcoreexternal.code.tex
File: pgfcoreexternal.code.tex 2020/12/27 v3.1.8b (3.1.8b)
\pgfexternal@startupbox=\box61
)) (C:\Users\TimofeyT\AppData\Local\Programs\MiKTeX\tex/generic/pgf/basiclayer\pgfcorelayers.code.tex
File: pgfcorelayers.code.tex 2020/12/27 v3.1.8b (3.1.8b)
) (C:\Users\TimofeyT\AppData\Local\Programs\MiKTeX\tex/generic/pgf/basiclayer\pgfcoretransparency.code.tex
File: pgfcoretransparency.code.tex 2020/12/27 v3.1.8b (3.1.8b)
) (C:\Users\TimofeyT\AppData\Local\Programs\MiKTeX\tex/generic/pgf/basiclayer\pgfcorepatterns.code.tex
File: pgfcorepatterns.code.tex 2020/12/27 v3.1.8b (3.1.8b)
) (C:\Users\TimofeyT\AppData\Local\Programs\MiKTeX\tex/generic/pgf/basiclayer\pgfcorerdf.code.tex
File: pgfcorerdf.code.tex 2020/12/27 v3.1.8b (3.1.8b)
))) (C:\Users\TimofeyT\AppData\Local\Programs\MiKTeX\tex/latex/pgf/utilities\xxcolor.sty
Package: xxcolor 2003/10/24 ver 0.1
\XC@nummixins=\count285
\XC@countmixins=\count286
) (C:\Users\TimofeyT\AppData\Local\Programs\MiKTeX\tex/latex/base\atbegshi-ltx.sty
Package: atbegshi-ltx 2020/08/17 v1.0a Emulation of the original atbegshi package
with kernel methods
) (C:\Users\TimofeyT\AppData\Local\Programs\MiKTeX\tex/latex/hyperref\hyperref.sty
Package: hyperref 2021-02-27 v7.00k Hypertext links for LaTeX
 (C:\Users\TimofeyT\AppData\Local\Programs\MiKTeX\tex/generic/ltxcmds\ltxcmds.sty
Package: ltxcmds 2020-05-10 v1.25 LaTeX kernel commands for general use (HO)
) (C:\Users\TimofeyT\AppData\Local\Programs\MiKTeX\tex/generic/pdftexcmds\pdftexcmds.sty
Package: pdftexcmds 2020-06-27 v0.33 Utility functions of pdfTeX for LuaTeX (HO)
 (C:\Users\TimofeyT\AppData\Local\Programs\MiKTeX\tex/generic/infwarerr\infwarerr.sty
Package: infwarerr 2019/12/03 v1.5 Providing info/warning/error messages (HO)
)
Package pdftexcmds Info: \pdf@primitive is available.
Package pdftexcmds Info: \pdf@ifprimitive is available.
Package pdftexcmds Info: \pdfdraftmode found.
) (C:\Users\TimofeyT\AppData\Local\Programs\MiKTeX\tex/generic/kvsetkeys\kvsetkeys.sty
Package: kvsetkeys 2019/12/15 v1.18 Key value parser (HO)
) (C:\Users\TimofeyT\AppData\Local\Programs\MiKTeX\tex/generic/kvdefinekeys\kvdefinekeys.sty
Package: kvdefinekeys 2019-12-19 v1.6 Define keys (HO)
) (C:\Users\TimofeyT\AppData\Local\Programs\MiKTeX\tex/generic/pdfescape\pdfescape.sty
Package: pdfescape 2019/12/09 v1.15 Implements pdfTeX's escape features (HO)
) (C:\Users\TimofeyT\AppData\Local\Programs\MiKTeX\tex/latex/hycolor\hycolor.sty
Package: hycolor 2020-01-27 v1.10 Color options for hyperref/bookmark (HO)
) (C:\Users\TimofeyT\AppData\Local\Programs\MiKTeX\tex/latex/letltxmacro\letltxmacro.sty
Package: letltxmacro 2019/12/03 v1.6 Let assignment for LaTeX macros (HO)
) (C:\Users\TimofeyT\AppData\Local\Programs\MiKTeX\tex/latex/auxhook\auxhook.sty
Package: auxhook 2019-12-17 v1.6 Hooks for auxiliary files (HO)
) (C:\Users\TimofeyT\AppData\Local\Programs\MiKTeX\tex/latex/kvoptions\kvoptions.sty
Package: kvoptions 2020-10-07 v3.14 Key value format for package options (HO)
)
\@linkdim=\dimen257
\Hy@linkcounter=\count287
\Hy@pagecounter=\count288
 (C:\Users\TimofeyT\AppData\Local\Programs\MiKTeX\tex/latex/hyperref\pd1enc.def
File: pd1enc.def 2021-02-27 v7.00k Hyperref: PDFDocEncoding definition (HO)
Now handling font encoding PD1 ...
... no UTF-8 mapping file for font encoding PD1
) (C:\Users\TimofeyT\AppData\Local\Programs\MiKTeX\tex/latex/hyperref\hyperref-langpatches.def
File: hyperref-langpatches.def 2021-02-27 v7.00k Hyperref: patches for babel languages
) (C:\Users\TimofeyT\AppData\Local\Programs\MiKTeX\tex/generic/intcalc\intcalc.sty
Package: intcalc 2019/12/15 v1.3 Expandable calculations with integers (HO)
) (C:\Users\TimofeyT\AppData\Local\Programs\MiKTeX\tex/generic/etexcmds\etexcmds.sty
Package: etexcmds 2019/12/15 v1.7 Avoid name clashes with e-TeX commands (HO)
)
\Hy@SavedSpaceFactor=\count289
 (C:\Users\TimofeyT\AppData\Local\Programs\MiKTeX\tex/latex/hyperref\puenc.def
File: puenc.def 2021-02-27 v7.00k Hyperref: PDF Unicode definition (HO)
Now handling font encoding PU ...
... no UTF-8 mapping file for font encoding PU
)
Package hyperref Info: Option `bookmarks' set `true' on input line 4073.
Package hyperref Info: Option `bookmarksopen' set `true' on input line 4073.
Package hyperref Info: Option `implicit' set `false' on input line 4073.
Package hyperref Info: Hyper figures OFF on input line 4192.
Package hyperref Info: Link nesting OFF on input line 4197.
Package hyperref Info: Hyper index ON on input line 4200.
Package hyperref Info: Plain pages OFF on input line 4207.
Package hyperref Info: Backreferencing OFF on input line 4212.
Package hyperref Info: Implicit mode OFF; no redefinition of LaTeX internals.
Package hyperref Info: Bookmarks ON on input line 4445.
\c@Hy@tempcnt=\count290
 (C:\Users\TimofeyT\AppData\Local\Programs\MiKTeX\tex/latex/url\url.sty
\Urlmuskip=\muskip16
Package: url 2013/09/16  ver 3.4  Verb mode for urls, etc.
)
LaTeX Info: Redefining \url on input line 4804.
\XeTeXLinkMargin=\dimen258
 (C:\Users\TimofeyT\AppData\Local\Programs\MiKTeX\tex/generic/bitset\bitset.sty
Package: bitset 2019/12/09 v1.3 Handle bit-vector datatype (HO)
 (C:\Users\TimofeyT\AppData\Local\Programs\MiKTeX\tex/generic/bigintcalc\bigintcalc.sty
Package: bigintcalc 2019/12/15 v1.5 Expandable calculations on big integers (HO)
))
\Fld@menulength=\count291
\Field@Width=\dimen259
\Fld@charsize=\dimen260
Package hyperref Info: Hyper figures OFF on input line 6075.
Package hyperref Info: Link nesting OFF on input line 6080.
Package hyperref Info: Hyper index ON on input line 6083.
Package hyperref Info: backreferencing OFF on input line 6090.
Package hyperref Info: Link coloring OFF on input line 6095.
Package hyperref Info: Link coloring with OCG OFF on input line 6100.
Package hyperref Info: PDF/A mode OFF on input line 6105.
LaTeX Info: Redefining \ref on input line 6145.
LaTeX Info: Redefining \pageref on input line 6149.
\Hy@abspage=\count292


Package hyperref Message: Stopped early.

)
Package hyperref Info: Driver (autodetected): hpdftex.
 (C:\Users\TimofeyT\AppData\Local\Programs\MiKTeX\tex/latex/hyperref\hpdftex.def
File: hpdftex.def 2021-02-27 v7.00k Hyperref driver for pdfTeX
 (C:\Users\TimofeyT\AppData\Local\Programs\MiKTeX\tex/latex/base\atveryend-ltx.sty
Package: atveryend-ltx 2020/08/19 v1.0a Emulation of the original atvery package
with kernel methods
)
\Fld@listcount=\count293
\c@bookmark@seq@number=\count294
 (C:\Users\TimofeyT\AppData\Local\Programs\MiKTeX\tex/latex/rerunfilecheck\rerunfilecheck.sty
Package: rerunfilecheck 2019/12/05 v1.9 Rerun checks for auxiliary files (HO)
 (C:\Users\TimofeyT\AppData\Local\Programs\MiKTeX\tex/generic/uniquecounter\uniquecounter.sty
Package: uniquecounter 2019/12/15 v1.4 Provide unlimited unique counter (HO)
)
Package uniquecounter Info: New unique counter `rerunfilecheck' on input line 286.
)) (C:\Users\TimofeyT\AppData\Local\Programs\MiKTeX\tex/latex/beamer\beamerbaserequires.sty (C:\Users\TimofeyT\AppData\Local\Programs\MiKTeX\tex/latex/beamer\beamerbasecompatibility.sty) (C:\Users\TimofeyT\AppData\Local\Programs\MiKTeX\tex/latex/beamer\beamerbasefont.sty (C:\Users\TimofeyT\AppData\Local\Programs\MiKTeX\tex/latex/amsfonts\amssymb.sty
Package: amssymb 2013/01/14 v3.01 AMS font symbols
 (C:\Users\TimofeyT\AppData\Local\Programs\MiKTeX\tex/latex/amsfonts\amsfonts.sty
Package: amsfonts 2013/01/14 v3.01 Basic AMSFonts support
\@emptytoks=\toks27
\symAMSa=\mathgroup4
\symAMSb=\mathgroup5
LaTeX Font Info:    Redeclaring math symbol \hbar on input line 98.
LaTeX Font Info:    Overwriting math alphabet `\mathfrak' in version `bold'
(Font)                  U/euf/m/n --> U/euf/b/n on input line 106.
))) (C:\Users\TimofeyT\AppData\Local\Programs\MiKTeX\tex/latex/beamer\beamerbasetranslator.sty (C:\Users\TimofeyT\AppData\Local\Programs\MiKTeX\tex/latex/translator\translator.sty
Package: translator 2020-08-03 v1.12c Easy translation of strings in LaTeX
)) (C:\Users\TimofeyT\AppData\Local\Programs\MiKTeX\tex/latex/beamer\beamerbasemisc.sty) (C:\Users\TimofeyT\AppData\Local\Programs\MiKTeX\tex/latex/beamer\beamerbasetwoscreens.sty) (C:\Users\TimofeyT\AppData\Local\Programs\MiKTeX\tex/latex/beamer\beamerbaseoverlay.sty
\beamer@argscount=\count295
\beamer@lastskipcover=\skip50
\beamer@trivlistdepth=\count296
) (C:\Users\TimofeyT\AppData\Local\Programs\MiKTeX\tex/latex/beamer\beamerbasetitle.sty) (C:\Users\TimofeyT\AppData\Local\Programs\MiKTeX\tex/latex/beamer\beamerbasesection.sty
\c@lecture=\count297
\c@part=\count298
\c@section=\count299
\c@subsection=\count300
\c@subsubsection=\count301
) (C:\Users\TimofeyT\AppData\Local\Programs\MiKTeX\tex/latex/beamer\beamerbaseframe.sty
\beamer@framebox=\box62
\beamer@frametitlebox=\box63
\beamer@zoombox=\box64
\beamer@zoomcount=\count302
\beamer@zoomframecount=\count303
\beamer@frametextheight=\dimen261
\c@subsectionslide=\count304
\beamer@frametopskip=\skip51
\beamer@framebottomskip=\skip52
\beamer@frametopskipautobreak=\skip53
\beamer@framebottomskipautobreak=\skip54
\beamer@envbody=\toks28
\framewidth=\dimen262
\c@framenumber=\count305
) (C:\Users\TimofeyT\AppData\Local\Programs\MiKTeX\tex/latex/beamer\beamerbaseverbatim.sty
\beamer@verbatimfileout=\write4
) (C:\Users\TimofeyT\AppData\Local\Programs\MiKTeX\tex/latex/beamer\beamerbaseframesize.sty
\beamer@splitbox=\box65
\beamer@autobreakcount=\count306
\beamer@autobreaklastheight=\dimen263
\beamer@frametitletoks=\toks29
\beamer@framesubtitletoks=\toks30
) (C:\Users\TimofeyT\AppData\Local\Programs\MiKTeX\tex/latex/beamer\beamerbaseframecomponents.sty
\beamer@footins=\box66
) (C:\Users\TimofeyT\AppData\Local\Programs\MiKTeX\tex/latex/beamer\beamerbasecolor.sty) (C:\Users\TimofeyT\AppData\Local\Programs\MiKTeX\tex/latex/beamer\beamerbasenotes.sty
\beamer@frameboxcopy=\box67
) (C:\Users\TimofeyT\AppData\Local\Programs\MiKTeX\tex/latex/beamer\beamerbasetoc.sty) (C:\Users\TimofeyT\AppData\Local\Programs\MiKTeX\tex/latex/beamer\beamerbasetemplates.sty
\beamer@sbttoks=\toks31
 (C:\Users\TimofeyT\AppData\Local\Programs\MiKTeX\tex/latex/beamer\beamerbaseauxtemplates.sty (C:\Users\TimofeyT\AppData\Local\Programs\MiKTeX\tex/latex/beamer\beamerbaseboxes.sty
\bmb@box=\box68
\bmb@colorbox=\box69
\bmb@boxwidth=\dimen264
\bmb@boxheight=\dimen265
\bmb@prevheight=\dimen266
\bmb@temp=\dimen267
\bmb@dima=\dimen268
\bmb@dimb=\dimen269
\bmb@prevheight=\dimen270
)
\beamer@blockheadheight=\dimen271
)) (C:\Users\TimofeyT\AppData\Local\Programs\MiKTeX\tex/latex/beamer\beamerbaselocalstructure.sty (C:\Users\TimofeyT\AppData\Local\Programs\MiKTeX\tex/latex/latex-tools\enumerate.sty
Package: enumerate 2015/07/23 v3.00 enumerate extensions (DPC)
\@enLab=\toks32
)
\beamer@bibiconwidth=\skip55
\c@figure=\count307
\c@table=\count308
\abovecaptionskip=\skip56
\belowcaptionskip=\skip57
) (C:\Users\TimofeyT\AppData\Local\Programs\MiKTeX\tex/latex/beamer\beamerbasenavigation.sty
\beamer@section@min@dim=\dimen272
) (C:\Users\TimofeyT\AppData\Local\Programs\MiKTeX\tex/latex/beamer\beamerbasetheorems.sty (C:\Users\TimofeyT\AppData\Local\Programs\MiKTeX\tex/latex/amsmath\amsmath.sty
Package: amsmath 2020/09/23 v2.17i AMS math features
\@mathmargin=\skip58

For additional information on amsmath, use the `?' option.
(C:\Users\TimofeyT\AppData\Local\Programs\MiKTeX\tex/latex/amsmath\amstext.sty
Package: amstext 2000/06/29 v2.01 AMS text
 (C:\Users\TimofeyT\AppData\Local\Programs\MiKTeX\tex/latex/amsmath\amsgen.sty
File: amsgen.sty 1999/11/30 v2.0 generic functions
\@emptytoks=\toks33
\ex@=\dimen273
)) (C:\Users\TimofeyT\AppData\Local\Programs\MiKTeX\tex/latex/amsmath\amsbsy.sty
Package: amsbsy 1999/11/29 v1.2d Bold Symbols
\pmbraise@=\dimen274
) (C:\Users\TimofeyT\AppData\Local\Programs\MiKTeX\tex/latex/amsmath\amsopn.sty
Package: amsopn 2016/03/08 v2.02 operator names
)
\inf@bad=\count309
LaTeX Info: Redefining \frac on input line 234.
\uproot@=\count310
\leftroot@=\count311
LaTeX Info: Redefining \overline on input line 399.
\classnum@=\count312
\DOTSCASE@=\count313
LaTeX Info: Redefining \ldots on input line 496.
LaTeX Info: Redefining \dots on input line 499.
LaTeX Info: Redefining \cdots on input line 620.
\Mathstrutbox@=\box70
\strutbox@=\box71
\big@size=\dimen275
LaTeX Font Info:    Redeclaring font encoding OML on input line 743.
LaTeX Font Info:    Redeclaring font encoding OMS on input line 744.
\macc@depth=\count314
\c@MaxMatrixCols=\count315
\dotsspace@=\muskip17
\c@parentequation=\count316
\dspbrk@lvl=\count317
\tag@help=\toks34
\row@=\count318
\column@=\count319
\maxfields@=\count320
\andhelp@=\toks35
\eqnshift@=\dimen276
\alignsep@=\dimen277
\tagshift@=\dimen278
\tagwidth@=\dimen279
\totwidth@=\dimen280
\lineht@=\dimen281
\@envbody=\toks36
\multlinegap=\skip59
\multlinetaggap=\skip60
\mathdisplay@stack=\toks37
LaTeX Info: Redefining \[ on input line 2923.
LaTeX Info: Redefining \] on input line 2924.
) (C:\Users\TimofeyT\AppData\Local\Programs\MiKTeX\tex/latex/amscls\amsthm.sty
Package: amsthm 2020/05/29 v2.20.6
\thm@style=\toks38
\thm@bodyfont=\toks39
\thm@headfont=\toks40
\thm@notefont=\toks41
\thm@headpunct=\toks42
\thm@preskip=\skip61
\thm@postskip=\skip62
\thm@headsep=\skip63
\dth@everypar=\toks43
)
\c@theorem=\count321
) (C:\Users\TimofeyT\AppData\Local\Programs\MiKTeX\tex/latex/beamer\beamerbasethemes.sty)) (C:\Users\TimofeyT\AppData\Local\Programs\MiKTeX\tex/latex/beamer\beamerthemedefault.sty (C:\Users\TimofeyT\AppData\Local\Programs\MiKTeX\tex/latex/beamer\beamerfontthemedefault.sty) (C:\Users\TimofeyT\AppData\Local\Programs\MiKTeX\tex/latex/beamer\beamercolorthemedefault.sty) (C:\Users\TimofeyT\AppData\Local\Programs\MiKTeX\tex/latex/beamer\beamerinnerthemedefault.sty
\beamer@dima=\dimen282
\beamer@dimb=\dimen283
) (C:\Users\TimofeyT\AppData\Local\Programs\MiKTeX\tex/latex/beamer\beamerouterthemedefault.sty))) (C:\Users\TimofeyT\AppData\Local\Programs\MiKTeX\tex/latex/base\inputenc.sty
Package: inputenc 2020/08/01 v1.3d Input encoding file
\inpenc@prehook=\toks44
\inpenc@posthook=\toks45
) (C:\Users\TimofeyT\AppData\Local\Programs\MiKTeX\tex/generic/babel\babel.sty
Package: babel 2021/04/26 3.58 The Babel package
 (C:\Users\TimofeyT\AppData\Local\Programs\MiKTeX\tex/generic/babel\babel.def
File: babel.def 2021/04/26 3.58 Babel common definitions
\babel@savecnt=\count322
\U@D=\dimen284
\l@unhyphenated=\language3
 (C:\Users\TimofeyT\AppData\Local\Programs\MiKTeX\tex/generic/babel\txtbabel.def)
\bbl@readstream=\read3
)
LaTeX Info: Redefining \textlatin on input line 717.
\bbl@dirlevel=\count323

*************************************
* Local config file bblopts.cfg used
*
(C:\Users\TimofeyT\AppData\Local\Programs\MiKTeX\tex/latex/arabi\bblopts.cfg
File: bblopts.cfg 2005/09/08 v0.1 add Arabic and Farsi to "declared" options of babel
) (C:\Users\TimofeyT\AppData\Local\Programs\MiKTeX\tex/latex/babel-english\english.ldf
Language: english 2017/06/06 v3.3r English support from the babel system
Package babel Info: Hyphen rules for 'british' set to \l@english
(babel)             (\language0). Reported on input line 82.
Package babel Info: Hyphen rules for 'UKenglish' set to \l@english
(babel)             (\language0). Reported on input line 83.
Package babel Info: Hyphen rules for 'canadian' set to \l@english
(babel)             (\language0). Reported on input line 102.
Package babel Info: Hyphen rules for 'australian' set to \l@english
(babel)             (\language0). Reported on input line 105.
Package babel Info: Hyphen rules for 'newzealand' set to \l@english
(babel)             (\language0). Reported on input line 108.
) (C:\Users\TimofeyT\AppData\Local\Programs\MiKTeX\tex/latex/babel-russian\russianb.ldf
File: russianb.ldf 2021/01/10 1.3m Russian support for the Babel system
Language: russian 2020/09/09 1.3k Russian support for the Babel system


Package babel Warning: No Cyrillic font encoding has been loaded so far.
(babel)                A font encoding should be declared before babel.
(babel)                Default `T2A' encoding will be loaded  on input line 78.

(C:\Users\TimofeyT\AppData\Local\Programs\MiKTeX\tex/latex/cyrillic\t2aenc.def
File: t2aenc.def 2005/09/27 v1.0i Cyrillic encoding definition file
Now handling font encoding T2A ...
... processing UTF-8 mapping file for font encoding T2A
 (C:\Users\TimofeyT\AppData\Local\Programs\MiKTeX\tex/latex/base\t2aenc.dfu
File: t2aenc.dfu 2019/11/14 v1.2k UTF-8 support for inputenc
   defining Unicode char U+00A4 (decimal 164)
   defining Unicode char U+00A7 (decimal 167)
   defining Unicode char U+00AB (decimal 171)
   defining Unicode char U+00BB (decimal 187)
   defining Unicode char U+0131 (decimal 305)
   defining Unicode char U+0237 (decimal 567)
   defining Unicode char U+0400 (decimal 1024)
   defining Unicode char U+0401 (decimal 1025)
   defining Unicode char U+0402 (decimal 1026)
   defining Unicode char U+0403 (decimal 1027)
   defining Unicode char U+0404 (decimal 1028)
   defining Unicode char U+0405 (decimal 1029)
   defining Unicode char U+0406 (decimal 1030)
   defining Unicode char U+0407 (decimal 1031)
   defining Unicode char U+0408 (decimal 1032)
   defining Unicode char U+0409 (decimal 1033)
   defining Unicode char U+040A (decimal 1034)
   defining Unicode char U+040B (decimal 1035)
   defining Unicode char U+040C (decimal 1036)
   defining Unicode char U+040D (decimal 1037)
   defining Unicode char U+040E (decimal 1038)
   defining Unicode char U+040F (decimal 1039)
   defining Unicode char U+0410 (decimal 1040)
   defining Unicode char U+0411 (decimal 1041)
   defining Unicode char U+0412 (decimal 1042)
   defining Unicode char U+0413 (decimal 1043)
   defining Unicode char U+0414 (decimal 1044)
   defining Unicode char U+0415 (decimal 1045)
   defining Unicode char U+0416 (decimal 1046)
   defining Unicode char U+0417 (decimal 1047)
   defining Unicode char U+0418 (decimal 1048)
   defining Unicode char U+0419 (decimal 1049)
   defining Unicode char U+041A (decimal 1050)
   defining Unicode char U+041B (decimal 1051)
   defining Unicode char U+041C (decimal 1052)
   defining Unicode char U+041D (decimal 1053)
   defining Unicode char U+041E (decimal 1054)
   defining Unicode char U+041F (decimal 1055)
   defining Unicode char U+0420 (decimal 1056)
   defining Unicode char U+0421 (decimal 1057)
   defining Unicode char U+0422 (decimal 1058)
   defining Unicode char U+0423 (decimal 1059)
   defining Unicode char U+0424 (decimal 1060)
   defining Unicode char U+0425 (decimal 1061)
   defining Unicode char U+0426 (decimal 1062)
   defining Unicode char U+0427 (decimal 1063)
   defining Unicode char U+0428 (decimal 1064)
   defining Unicode char U+0429 (decimal 1065)
   defining Unicode char U+042A (decimal 1066)
   defining Unicode char U+042B (decimal 1067)
   defining Unicode char U+042C (decimal 1068)
   defining Unicode char U+042D (decimal 1069)
   defining Unicode char U+042E (decimal 1070)
   defining Unicode char U+042F (decimal 1071)
   defining Unicode char U+0430 (decimal 1072)
   defining Unicode char U+0431 (decimal 1073)
   defining Unicode char U+0432 (decimal 1074)
   defining Unicode char U+0433 (decimal 1075)
   defining Unicode char U+0434 (decimal 1076)
   defining Unicode char U+0435 (decimal 1077)
   defining Unicode char U+0436 (decimal 1078)
   defining Unicode char U+0437 (decimal 1079)
   defining Unicode char U+0438 (decimal 1080)
   defining Unicode char U+0439 (decimal 1081)
   defining Unicode char U+043A (decimal 1082)
   defining Unicode char U+043B (decimal 1083)
   defining Unicode char U+043C (decimal 1084)
   defining Unicode char U+043D (decimal 1085)
   defining Unicode char U+043E (decimal 1086)
   defining Unicode char U+043F (decimal 1087)
   defining Unicode char U+0440 (decimal 1088)
   defining Unicode char U+0441 (decimal 1089)
   defining Unicode char U+0442 (decimal 1090)
   defining Unicode char U+0443 (decimal 1091)
   defining Unicode char U+0444 (decimal 1092)
   defining Unicode char U+0445 (decimal 1093)
   defining Unicode char U+0446 (decimal 1094)
   defining Unicode char U+0447 (decimal 1095)
   defining Unicode char U+0448 (decimal 1096)
   defining Unicode char U+0449 (decimal 1097)
   defining Unicode char U+044A (decimal 1098)
   defining Unicode char U+044B (decimal 1099)
   defining Unicode char U+044C (decimal 1100)
   defining Unicode char U+044D (decimal 1101)
   defining Unicode char U+044E (decimal 1102)
   defining Unicode char U+044F (decimal 1103)
   defining Unicode char U+0450 (decimal 1104)
   defining Unicode char U+0451 (decimal 1105)
   defining Unicode char U+0452 (decimal 1106)
   defining Unicode char U+0453 (decimal 1107)
   defining Unicode char U+0454 (decimal 1108)
   defining Unicode char U+0455 (decimal 1109)
   defining Unicode char U+0456 (decimal 1110)
   defining Unicode char U+0457 (decimal 1111)
   defining Unicode char U+0458 (decimal 1112)
   defining Unicode char U+0459 (decimal 1113)
   defining Unicode char U+045A (decimal 1114)
   defining Unicode char U+045B (decimal 1115)
   defining Unicode char U+045C (decimal 1116)
   defining Unicode char U+045D (decimal 1117)
   defining Unicode char U+045E (decimal 1118)
   defining Unicode char U+045F (decimal 1119)
   defining Unicode char U+0490 (decimal 1168)
   defining Unicode char U+0491 (decimal 1169)
   defining Unicode char U+0492 (decimal 1170)
   defining Unicode char U+0493 (decimal 1171)
   defining Unicode char U+0496 (decimal 1174)
   defining Unicode char U+0497 (decimal 1175)
   defining Unicode char U+0498 (decimal 1176)
   defining Unicode char U+0499 (decimal 1177)
   defining Unicode char U+049A (decimal 1178)
   defining Unicode char U+049B (decimal 1179)
   defining Unicode char U+049C (decimal 1180)
   defining Unicode char U+049D (decimal 1181)
   defining Unicode char U+04A0 (decimal 1184)
   defining Unicode char U+04A1 (decimal 1185)
   defining Unicode char U+04A2 (decimal 1186)
   defining Unicode char U+04A3 (decimal 1187)
   defining Unicode char U+04A4 (decimal 1188)
   defining Unicode char U+04A5 (decimal 1189)
   defining Unicode char U+04AA (decimal 1194)
   defining Unicode char U+04AB (decimal 1195)
   defining Unicode char U+04AE (decimal 1198)
   defining Unicode char U+04AF (decimal 1199)
   defining Unicode char U+04B0 (decimal 1200)
   defining Unicode char U+04B1 (decimal 1201)
   defining Unicode char U+04B2 (decimal 1202)
   defining Unicode char U+04B3 (decimal 1203)
   defining Unicode char U+04B6 (decimal 1206)
   defining Unicode char U+04B7 (decimal 1207)
   defining Unicode char U+04B8 (decimal 1208)
   defining Unicode char U+04B9 (decimal 1209)
   defining Unicode char U+04BA (decimal 1210)
   defining Unicode char U+04BB (decimal 1211)
   defining Unicode char U+04C0 (decimal 1216)
   defining Unicode char U+04C1 (decimal 1217)
   defining Unicode char U+04C2 (decimal 1218)
   defining Unicode char U+04D0 (decimal 1232)
   defining Unicode char U+04D1 (decimal 1233)
   defining Unicode char U+04D2 (decimal 1234)
   defining Unicode char U+04D3 (decimal 1235)
   defining Unicode char U+04D4 (decimal 1236)
   defining Unicode char U+04D5 (decimal 1237)
   defining Unicode char U+04D6 (decimal 1238)
   defining Unicode char U+04D7 (decimal 1239)
   defining Unicode char U+04D8 (decimal 1240)
   defining Unicode char U+04D9 (decimal 1241)
   defining Unicode char U+04DA (decimal 1242)
   defining Unicode char U+04DB (decimal 1243)
   defining Unicode char U+04DC (decimal 1244)
   defining Unicode char U+04DD (decimal 1245)
   defining Unicode char U+04DE (decimal 1246)
   defining Unicode char U+04DF (decimal 1247)
   defining Unicode char U+04E2 (decimal 1250)
   defining Unicode char U+04E3 (decimal 1251)
   defining Unicode char U+04E4 (decimal 1252)
   defining Unicode char U+04E5 (decimal 1253)
   defining Unicode char U+04E6 (decimal 1254)
   defining Unicode char U+04E7 (decimal 1255)
   defining Unicode char U+04E8 (decimal 1256)
   defining Unicode char U+04E9 (decimal 1257)
   defining Unicode char U+04EC (decimal 1260)
   defining Unicode char U+04ED (decimal 1261)
   defining Unicode char U+04EE (decimal 1262)
   defining Unicode char U+04EF (decimal 1263)
   defining Unicode char U+04F0 (decimal 1264)
   defining Unicode char U+04F1 (decimal 1265)
   defining Unicode char U+04F2 (decimal 1266)
   defining Unicode char U+04F3 (decimal 1267)
   defining Unicode char U+04F4 (decimal 1268)
   defining Unicode char U+04F5 (decimal 1269)
   defining Unicode char U+04F8 (decimal 1272)
   defining Unicode char U+04F9 (decimal 1273)
   defining Unicode char U+200C (decimal 8204)
   defining Unicode char U+2013 (decimal 8211)
   defining Unicode char U+2014 (decimal 8212)
   defining Unicode char U+2018 (decimal 8216)
   defining Unicode char U+2019 (decimal 8217)
   defining Unicode char U+201C (decimal 8220)
   defining Unicode char U+201D (decimal 8221)
   defining Unicode char U+201E (decimal 8222)
   defining Unicode char U+2030 (decimal 8240)
   defining Unicode char U+2031 (decimal 8241)
   defining Unicode char U+2116 (decimal 8470)
   defining Unicode char U+2329 (decimal 9001)
   defining Unicode char U+232A (decimal 9002)
   defining Unicode char U+2423 (decimal 9251)
   defining Unicode char U+27E8 (decimal 10216)
   defining Unicode char U+27E9 (decimal 10217)
   defining Unicode char U+FB00 (decimal 64256)
   defining Unicode char U+FB01 (decimal 64257)
   defining Unicode char U+FB02 (decimal 64258)
   defining Unicode char U+FB03 (decimal 64259)
   defining Unicode char U+FB04 (decimal 64260)
   defining Unicode char U+FB05 (decimal 64261)
   defining Unicode char U+FB06 (decimal 64262)
))
Package babel Info: Making " an active character on input line 124.
Package babel Info: Default for \cyrdash is provided on input line 163.
)) (C:\Users\TimofeyT\AppData\Local\Programs\MiKTeX\tex/latex/base\fontenc.sty
Package: fontenc 2020/08/10 v2.0s Standard LaTeX package
LaTeX Font Info:    Trying to load font information for T2A+cmss on input line 112.
 (C:\Users\TimofeyT\AppData\Local\Programs\MiKTeX\tex/latex/cyrillic\t2acmss.fd
File: t2acmss.fd 2001/08/11 v1.0a Computer Modern Cyrillic font definitions
)) (C:\Users\TimofeyT\AppData\Local\Programs\MiKTeX\tex/latex/pdfcomment\pdfcomment.sty
Package: pdfcomment 2018/11/01 pdfcomment.sty v2.4a - Josef Kleber (C) 2008-2012, 2015-2016, 2018
 (C:\Users\TimofeyT\AppData\Local\Programs\MiKTeX\tex/latex/xkeyval\xkeyval.sty
Package: xkeyval 2020/11/20 v2.8 package option processing (HA)
 (C:\Users\TimofeyT\AppData\Local\Programs\MiKTeX\tex/generic/xkeyval\xkeyval.tex (C:\Users\TimofeyT\AppData\Local\Programs\MiKTeX\tex/generic/xkeyval\xkvutils.tex
\XKV@toks=\toks46
\XKV@tempa@toks=\toks47
)
\XKV@depth=\count324
File: xkeyval.tex 2014/12/03 v2.7a key=value parser (HA)
))
\c@pc@count@i=\count325
\c@pc@count@ii=\count326
\c@pc@count@iii=\count327
\c@pc@count@iv=\count328
\pc@mathannot@box=\box72
\pc@nullbox=\box73
\pc@dima=\skip64
\pc@dimb=\skip65
\pc@Sposx=\skip66
\pc@Sposy=\skip67
\pc@Eposx=\skip68
\pc@Eposy=\skip69
\pc@column=\skip70
\pc@box@width=\skip71
\pc@box@height=\skip72
\pc@box@depth=\skip73
 (C:\Users\TimofeyT\AppData\Local\Programs\MiKTeX\tex/latex/datetime2\datetime2.sty
Package: datetime2 2021/03/21 v1.5.7 (NLCT) date and time formats
 (C:\Users\TimofeyT\AppData\Local\Programs\MiKTeX\tex/latex/tracklang\tracklang.sty
Package: tracklang 2020/06/30 v1.5 (NLCT) Track Languages
 (C:\Users\TimofeyT\AppData\Local\Programs\MiKTeX\tex/generic/tracklang\tracklang.tex)) (C:\Users\TimofeyT\AppData\Local\Programs\MiKTeX\tex/latex/datetime2-russian\datetime2-russian.ldf
File: datetime2-russian.ldf 2018/12/07 v1.1
 (C:\Users\TimofeyT\AppData\Local\Programs\MiKTeX\tex/generic/iftex\ifxetex.sty
Package: ifxetex 2019/10/25 v0.7 ifxetex legacy package. Use iftex instead.
) (C:\Users\TimofeyT\AppData\Local\Programs\MiKTeX\tex/generic/iftex\ifluatex.sty
Package: ifluatex 2019/10/25 v1.5 ifluatex legacy package. Use iftex instead.
) (C:\Users\TimofeyT\AppData\Local\Programs\MiKTeX\tex/latex/datetime2-russian\datetime2-russian-ascii.ldf
File: datetime2-russian-ascii.ldf 2018/12/07 v1.1
)) (C:\Users\TimofeyT\AppData\Local\Programs\MiKTeX\tex/latex/datetime2-english\datetime2-english.ldf
File: datetime2-english.ldf 2019/10/21 v1.05 (NLCT)
 (C:\Users\TimofeyT\AppData\Local\Programs\MiKTeX\tex/latex/datetime2-english\datetime2-english-base.ldf
File: datetime2-english-base.ldf 2019/10/21 v1.05 (NLCT)
))) (C:\Users\TimofeyT\AppData\Local\Programs\MiKTeX\tex/latex/zref\zref-savepos.sty
Package: zref-savepos 2020-07-03 v2.32 Module savepos for zref (HO)
 (C:\Users\TimofeyT\AppData\Local\Programs\MiKTeX\tex/latex/zref\zref-base.sty
Package: zref-base 2020-07-03 v2.32 Module base for zref (HO)
Package zref Info: New property list: main on input line 764.
Package zref Info: New property: default on input line 765.
Package zref Info: New property: page on input line 766.
)
Package zref Info: New property list: savepos on input line 80.
Package zref Info: New property: posx on input line 82.
Package zref Info: New property: posy on input line 83.
)
\c@zref@unique=\count329
 (C:\Users\TimofeyT\AppData\Local\Programs\MiKTeX\tex/latex/refcount\refcount.sty
Package: refcount 2019/12/15 v3.6 Data extraction from label references (HO)
) (C:\Users\TimofeyT\AppData\Local\Programs\MiKTeX\tex/latex/base\ifthen.sty
Package: ifthen 2014/09/29 v1.1c Standard LaTeX ifthen package (DPC)
) (C:\Users\TimofeyT\AppData\Local\Programs\MiKTeX\tex/latex/latex-tools\calc.sty
Package: calc 2017/05/25 v4.3 Infix arithmetic (KKT,FJ)
\calc@Acount=\count330
\calc@Bcount=\count331
\calc@Adimen=\dimen285
\calc@Bdimen=\dimen286
\calc@Askip=\skip74
\calc@Bskip=\skip75
LaTeX Info: Redefining \setlength on input line 80.
LaTeX Info: Redefining \addtolength on input line 81.
\calc@Ccount=\count332
\calc@Cskip=\skip76
) (C:\Users\TimofeyT\AppData\Local\Programs\MiKTeX\tex/latex/marginnote\marginnote.sty
Package: marginnote 2018/08/09 v1.4b non floating margin notes for LaTeX
\c@mn@abspage=\count333
) (C:\Users\TimofeyT\AppData\Local\Programs\MiKTeX\tex/latex/soulpos\soulpos.sty
Package: soulpos 2021/10/15 v1.2 Fancy underlining
\ulp@subcnt=\count334
\ulp@cnt=\count335
\ulp@out=\write5
\ulp@in=\read4
\ulwidth=\dimen287
)

Package hyperref Warning: Option `pdftex' has already been used,
(hyperref)                setting the option has no effect on input line 1369.

Package zref Info: New property list: pdfcomment on input line 2735.
Package zref Info: New property: PCPDFOBJID on input line 2736.
) (C:\Users\TimofeyT\AppData\Local\Programs\MiKTeX\tex/latex/fancytooltips\fancytooltips.sty
Package: fancytooltips 2012/06/12 v1.12 fancytooltips.dtx file
\buttontipwidth=\dimen288
\buttontipheight=\dimen289
\fancy@a=\dimen290
\fancy@b=\dimen291
\fancy@layerHshift=\dimen292
\fancy@layerVshift=\dimen293
\fancy@button@Vshift=\dimen294
\fancy@button@Hshift=\dimen295
\pos@fancy@toks=\toks48


Package fancytooltips Warning: Fancytooltips inactive on input line 132.

) (C:\Users\TimofeyT\AppData\Local\Programs\MiKTeX\tex/latex/pgfplots\pgfplotstable.sty (C:\Users\TimofeyT\AppData\Local\Programs\MiKTeX\tex/generic/pgfplots\pgfplots.revision.tex)
Package: pgfplotstable 2020/02/29 v1.17 Table typesetting and Pretty-printing (1.17)
 (C:\Users\TimofeyT\AppData\Local\Programs\MiKTeX\tex/latex/pgfplots\pgfplots.sty (C:\Users\TimofeyT\AppData\Local\Programs\MiKTeX\tex/generic/pgfplots\pgfplots.revision.tex)
Package: pgfplots 2020/02/29 v1.17 Data Visualization (1.17)
 (C:\Users\TimofeyT\AppData\Local\Programs\MiKTeX\tex/latex/pgf/frontendlayer\tikz.sty (C:\Users\TimofeyT\AppData\Local\Programs\MiKTeX\tex/latex/pgf/basiclayer\pgf.sty
Package: pgf 2020/12/27 v3.1.8b (3.1.8b)
 (C:\Users\TimofeyT\AppData\Local\Programs\MiKTeX\tex/generic/pgf/modules\pgfmoduleshapes.code.tex
File: pgfmoduleshapes.code.tex 2020/12/27 v3.1.8b (3.1.8b)
\pgfnodeparttextbox=\box74
) (C:\Users\TimofeyT\AppData\Local\Programs\MiKTeX\tex/generic/pgf/modules\pgfmoduleplot.code.tex
File: pgfmoduleplot.code.tex 2020/12/27 v3.1.8b (3.1.8b)
) (C:\Users\TimofeyT\AppData\Local\Programs\MiKTeX\tex/latex/pgf/compatibility\pgfcomp-version-0-65.sty
Package: pgfcomp-version-0-65 2020/12/27 v3.1.8b (3.1.8b)
\pgf@nodesepstart=\dimen296
\pgf@nodesepend=\dimen297
) (C:\Users\TimofeyT\AppData\Local\Programs\MiKTeX\tex/latex/pgf/compatibility\pgfcomp-version-1-18.sty
Package: pgfcomp-version-1-18 2020/12/27 v3.1.8b (3.1.8b)
)) (C:\Users\TimofeyT\AppData\Local\Programs\MiKTeX\tex/latex/pgf/utilities\pgffor.sty (C:\Users\TimofeyT\AppData\Local\Programs\MiKTeX\tex/latex/pgf/utilities\pgfkeys.sty (C:\Users\TimofeyT\AppData\Local\Programs\MiKTeX\tex/generic/pgf/utilities\pgfkeys.code.tex)) (C:\Users\TimofeyT\AppData\Local\Programs\MiKTeX\tex/latex/pgf/math\pgfmath.sty (C:\Users\TimofeyT\AppData\Local\Programs\MiKTeX\tex/generic/pgf/math\pgfmath.code.tex)) (C:\Users\TimofeyT\AppData\Local\Programs\MiKTeX\tex/generic/pgf/utilities\pgffor.code.tex
Package: pgffor 2020/12/27 v3.1.8b (3.1.8b)
 (C:\Users\TimofeyT\AppData\Local\Programs\MiKTeX\tex/generic/pgf/math\pgfmath.code.tex)
\pgffor@iter=\dimen298
\pgffor@skip=\dimen299
\pgffor@stack=\toks49
\pgffor@toks=\toks50
)) (C:\Users\TimofeyT\AppData\Local\Programs\MiKTeX\tex/generic/pgf/frontendlayer/tikz\tikz.code.tex
Package: tikz 2020/12/27 v3.1.8b (3.1.8b)
 (C:\Users\TimofeyT\AppData\Local\Programs\MiKTeX\tex/generic/pgf/libraries\pgflibraryplothandlers.code.tex
File: pgflibraryplothandlers.code.tex 2020/12/27 v3.1.8b (3.1.8b)
\pgf@plot@mark@count=\count336
\pgfplotmarksize=\dimen300
)
\tikz@lastx=\dimen301
\tikz@lasty=\dimen302
\tikz@lastxsaved=\dimen303
\tikz@lastysaved=\dimen304
\tikz@lastmovetox=\dimen305
\tikz@lastmovetoy=\dimen306
\tikzleveldistance=\dimen307
\tikzsiblingdistance=\dimen308
\tikz@figbox=\box75
\tikz@figbox@bg=\box76
\tikz@tempbox=\box77
\tikz@tempbox@bg=\box78
\tikztreelevel=\count337
\tikznumberofchildren=\count338
\tikznumberofcurrentchild=\count339
\tikz@fig@count=\count340
 (C:\Users\TimofeyT\AppData\Local\Programs\MiKTeX\tex/generic/pgf/modules\pgfmodulematrix.code.tex
File: pgfmodulematrix.code.tex 2020/12/27 v3.1.8b (3.1.8b)
\pgfmatrixcurrentrow=\count341
\pgfmatrixcurrentcolumn=\count342
\pgf@matrix@numberofcolumns=\count343
)
\tikz@expandcount=\count344
 (C:\Users\TimofeyT\AppData\Local\Programs\MiKTeX\tex/generic/pgf/frontendlayer/tikz/libraries\tikzlibrarytopaths.code.tex
File: tikzlibrarytopaths.code.tex 2020/12/27 v3.1.8b (3.1.8b)
))) (C:\Users\TimofeyT\AppData\Local\Programs\MiKTeX\tex/generic/pgfplots\pgfplots.code.tex (C:\Users\TimofeyT\AppData\Local\Programs\MiKTeX\tex/generic/pgfplots\pgfplotscore.code.tex
\t@pgfplots@toka=\toks51
\t@pgfplots@tokb=\toks52
\t@pgfplots@tokc=\toks53
\pgfplots@tmpa=\dimen309
\c@pgfplots@coordindex=\count345
\c@pgfplots@scanlineindex=\count346
 (C:\Users\TimofeyT\AppData\Local\Programs\MiKTeX\tex/generic/pgfplots/sys\pgfplotssysgeneric.code.tex)) (C:\Users\TimofeyT\AppData\Local\Programs\MiKTeX\tex/generic/pgfplots/libs\pgfplotslibrary.code.tex) (C:\Users\TimofeyT\AppData\Local\Programs\MiKTeX\tex/generic/pgfplots/oldpgfcompatib\pgfplotsoldpgfsupp_loader.code.tex (C:\Users\TimofeyT\AppData\Local\Programs\MiKTeX\tex/generic/pgf/libraries\pgflibraryfpu.code.tex)) (C:\Users\TimofeyT\AppData\Local\Programs\MiKTeX\tex/generic/pgfplots/util\pgfplotsutil.code.tex (C:\Users\TimofeyT\AppData\Local\Programs\MiKTeX\tex/generic/pgfplots/liststructure\pgfplotsliststructure.code.tex) (C:\Users\TimofeyT\AppData\Local\Programs\MiKTeX\tex/generic/pgfplots/liststructure\pgfplotsliststructureext.code.tex) (C:\Users\TimofeyT\AppData\Local\Programs\MiKTeX\tex/generic/pgfplots/liststructure\pgfplotsarray.code.tex
\c@pgfplotsarray@tmp=\count347
) (C:\Users\TimofeyT\AppData\Local\Programs\MiKTeX\tex/generic/pgfplots/liststructure\pgfplotsmatrix.code.tex) (C:\Users\TimofeyT\AppData\Local\Programs\MiKTeX\tex/generic/pgfplots/numtable\pgfplotstableshared.code.tex
\c@pgfplotstable@counta=\count348
\t@pgfplotstable@a=\toks54
) (C:\Users\TimofeyT\AppData\Local\Programs\MiKTeX\tex/generic/pgfplots/liststructure\pgfplotsdeque.code.tex) (C:\Users\TimofeyT\AppData\Local\Programs\MiKTeX\tex/generic/pgfplots/util\pgfplotsbinary.code.tex (C:\Users\TimofeyT\AppData\Local\Programs\MiKTeX\tex/generic/pgfplots/util\pgfplotsbinary.data.code.tex)) (C:\Users\TimofeyT\AppData\Local\Programs\MiKTeX\tex/generic/pgfplots/util\pgfplotsutil.verb.code.tex) (C:\Users\TimofeyT\AppData\Local\Programs\MiKTeX\tex/generic/pgfplots/libs\pgflibrarypgfplots.surfshading.code.tex
\c@pgfplotslibrarysurf@no=\count349
 (C:\Users\TimofeyT\AppData\Local\Programs\MiKTeX\tex/generic/pgfplots/sys\pgflibrarypgfplots.surfshading.pgfsys-pdftex.def))) (C:\Users\TimofeyT\AppData\Local\Programs\MiKTeX\tex/generic/pgfplots/util\pgfplotscolormap.code.tex (C:\Users\TimofeyT\AppData\Local\Programs\MiKTeX\tex/generic/pgfplots/util\pgfplotscolor.code.tex)) (C:\Users\TimofeyT\AppData\Local\Programs\MiKTeX\tex/generic/pgfplots\pgfplotsstackedplots.code.tex) (C:\Users\TimofeyT\AppData\Local\Programs\MiKTeX\tex/generic/pgfplots\pgfplotsplothandlers.code.tex (C:\Users\TimofeyT\AppData\Local\Programs\MiKTeX\tex/generic/pgfplots\pgfplotsmeshplothandler.code.tex (C:\Users\TimofeyT\AppData\Local\Programs\MiKTeX\tex/generic/pgfplots\pgfplotsmeshplotimage.code.tex))) (C:\Users\TimofeyT\AppData\Local\Programs\MiKTeX\tex/generic/pgfplots\pgfplots.scaling.code.tex) (C:\Users\TimofeyT\AppData\Local\Programs\MiKTeX\tex/generic/pgfplots\pgfplotscoordprocessing.code.tex) (C:\Users\TimofeyT\AppData\Local\Programs\MiKTeX\tex/generic/pgfplots\pgfplots.errorbars.code.tex) (C:\Users\TimofeyT\AppData\Local\Programs\MiKTeX\tex/generic/pgfplots\pgfplots.markers.code.tex) (C:\Users\TimofeyT\AppData\Local\Programs\MiKTeX\tex/generic/pgfplots\pgfplotsticks.code.tex) (C:\Users\TimofeyT\AppData\Local\Programs\MiKTeX\tex/generic/pgfplots\pgfplots.paths.code.tex) (C:\Users\TimofeyT\AppData\Local\Programs\MiKTeX\tex/generic/pgf/frontendlayer/tikz/libraries\tikzlibrarydecorations.code.tex (C:\Users\TimofeyT\AppData\Local\Programs\MiKTeX\tex/generic/pgf/modules\pgfmoduledecorations.code.tex
\pgfdecoratedcompleteddistance=\dimen310
\pgfdecoratedremainingdistance=\dimen311
\pgfdecoratedinputsegmentcompleteddistance=\dimen312
\pgfdecoratedinputsegmentremainingdistance=\dimen313
\pgf@decorate@distancetomove=\dimen314
\pgf@decorate@repeatstate=\count350
\pgfdecorationsegmentamplitude=\dimen315
\pgfdecorationsegmentlength=\dimen316
)
\tikz@lib@dec@box=\box79
) (C:\Users\TimofeyT\AppData\Local\Programs\MiKTeX\tex/generic/pgf/frontendlayer/tikz/libraries\tikzlibrarydecorations.pathmorphing.code.tex (C:\Users\TimofeyT\AppData\Local\Programs\MiKTeX\tex/generic/pgf/libraries/decorations\pgflibrarydecorations.pathmorphing.code.tex)) (C:\Users\TimofeyT\AppData\Local\Programs\MiKTeX\tex/generic/pgf/frontendlayer/tikz/libraries\tikzlibrarydecorations.pathreplacing.code.tex (C:\Users\TimofeyT\AppData\Local\Programs\MiKTeX\tex/generic/pgf/libraries/decorations\pgflibrarydecorations.pathreplacing.code.tex))
\pgfplots@numplots=\count351
\pgfplots@xmin@reg=\dimen317
\pgfplots@xmax@reg=\dimen318
\pgfplots@ymin@reg=\dimen319
\pgfplots@ymax@reg=\dimen320
\pgfplots@zmin@reg=\dimen321
\pgfplots@zmax@reg=\dimen322
) (C:\Users\TimofeyT\AppData\Local\Programs\MiKTeX\tex/generic/pgf/frontendlayer/tikz/libraries\tikzlibraryplotmarks.code.tex
File: tikzlibraryplotmarks.code.tex 2020/12/27 v3.1.8b (3.1.8b)
 (C:\Users\TimofeyT\AppData\Local\Programs\MiKTeX\tex/generic/pgf/libraries\pgflibraryplotmarks.code.tex
File: pgflibraryplotmarks.code.tex 2020/12/27 v3.1.8b (3.1.8b)
))) (C:\Users\TimofeyT\AppData\Local\Programs\MiKTeX\tex/generic/pgfplots/numtable\pgfplotstable.code.tex (C:\Users\TimofeyT\AppData\Local\Programs\MiKTeX\tex/generic/pgfplots/numtable\pgfplotstable.coltype.code.tex)) (C:\Users\TimofeyT\AppData\Local\Programs\MiKTeX\tex/latex/latex-tools\array.sty
Package: array 2020/10/01 v2.5c Tabular extension package (FMi)
\col@sep=\dimen323
\ar@mcellbox=\box80
\extrarowheight=\dimen324
\NC@list=\toks55
\extratabsurround=\skip77
\backup@length=\skip78
\ar@cellbox=\box81
)) (C:\Users\TimofeyT\AppData\Local\Programs\MiKTeX\tex/generic/pgfplots/libs\tikzlibrarypgfplots.patchplots.code.tex) (C:\Users\TimofeyT\AppData\Local\Programs\MiKTeX\tex/generic/pgfplots/libs\tikzlibrarypgfplots.fillbetween.code.tex (C:\Users\TimofeyT\AppData\Local\Programs\MiKTeX\tex/generic/pgfplots/pgfcontrib\tikzlibraryfillbetween.code.tex (C:\Users\TimofeyT\AppData\Local\Programs\MiKTeX\tex/generic/pgf/frontendlayer/tikz/libraries\tikzlibraryintersections.code.tex (C:\Users\TimofeyT\AppData\Local\Programs\MiKTeX\tex/generic/pgf/libraries\pgflibraryintersections.code.tex
\pgf@intersect@solutions=\count352
)) (C:\Users\TimofeyT\AppData\Local\Programs\MiKTeX\tex/generic/pgfplots/pgfcontrib\tikzlibrarydecorations.softclip.code.tex (C:\Users\TimofeyT\AppData\Local\Programs\MiKTeX\tex/generic/pgfplots/pgfcontrib\pgflibraryfillbetween.code.tex))) (C:\Users\TimofeyT\AppData\Local\Programs\MiKTeX\tex/generic/pgfplots/libs\tikzlibrarypgfplots.decorations.softclip.code.tex)) (C:\Users\TimofeyT\AppData\Local\Programs\MiKTeX\tex/latex/mathtools\mathtools.sty
Package: mathtools 2021/04/12 v1.27 mathematical typesetting tools
 (C:\Users\TimofeyT\AppData\Local\Programs\MiKTeX\tex/latex/mathtools\mhsetup.sty
Package: mhsetup 2021/03/18 v1.4 programming setup (MH)
)
LaTeX Info: Thecontrolsequence`\('isalreadyrobust on input line 130.
LaTeX Info: Thecontrolsequence`\)'isalreadyrobust on input line 130.
LaTeX Info: Thecontrolsequence`\['isalreadyrobust on input line 130.
LaTeX Info: Thecontrolsequence`\]'isalreadyrobust on input line 130.
\g_MT_multlinerow_int=\count353
\l_MT_multwidth_dim=\dimen325
\origjot=\skip79
\l_MT_shortvdotswithinadjustabove_dim=\dimen326
\l_MT_shortvdotswithinadjustbelow_dim=\dimen327
\l_MT_above_intertext_sep=\dimen328
\l_MT_below_intertext_sep=\dimen329
\l_MT_above_shortintertext_sep=\dimen330
\l_MT_below_shortintertext_sep=\dimen331
\xmathstrut@box=\box82
\xmathstrut@dim=\dimen332
) (C:\Users\TimofeyT\AppData\Local\Programs\MiKTeX\tex/latex/tikz-cd\tikz-cd.sty
Package: tikz-cd 2021/05/04 v1.0 Commutative diagrams with TikZ
 (C:\Users\TimofeyT\AppData\Local\Programs\MiKTeX\tex/latex/tikz-cd\tikzlibrarycd.code.tex (C:\Users\TimofeyT\AppData\Local\Programs\MiKTeX\tex/generic/pgf/frontendlayer/tikz/libraries\tikzlibrarymatrix.code.tex
File: tikzlibrarymatrix.code.tex 2020/12/27 v3.1.8b (3.1.8b)
) (C:\Users\TimofeyT\AppData\Local\Programs\MiKTeX\tex/generic/pgf/frontendlayer/tikz/libraries\tikzlibraryquotes.code.tex
File: tikzlibraryquotes.code.tex 2020/12/27 v3.1.8b (3.1.8b)
) (C:\Users\TimofeyT\AppData\Local\Programs\MiKTeX\tex/generic/pgf/libraries\pgflibraryarrows.meta.code.tex
File: pgflibraryarrows.meta.code.tex 2020/12/27 v3.1.8b (3.1.8b)
\pgfarrowinset=\dimen333
\pgfarrowlength=\dimen334
\pgfarrowwidth=\dimen335
\pgfarrowlinewidth=\dimen336
))) (C:\Users\TimofeyT\AppData\Local\Programs\MiKTeX\tex/latex/jknappen\mathrsfs.sty
Package: mathrsfs 1996/01/01 Math RSFS package v1.0 (jk)
\symrsfs=\mathgroup6
) (C:\Users\TimofeyT\AppData\Local\Programs\MiKTeX\tex/latex/cases\cases.sty
Package: cases 2020/03/29 ver 3.2
\numc@numwid=\dimen337
) (C:\Users\TimofeyT\AppData\Local\Programs\MiKTeX\tex/latex/cellspace\cellspace.sty
Package: cellspace 2019/03/11 v1.8.1 Spacing table cells (JN)
\cellspacetoplimit=\dimen338
\cellspacebottomlimit=\dimen339
\cellspace@firstht=\dimen340
\cellspace@lastdp=\dimen341
) (C:\Users\TimofeyT\AppData\Local\Programs\MiKTeX\tex/latex/latex-tools\tabularx.sty
Package: tabularx 2020/01/15 v2.11c `tabularx' package (DPC)
\TX@col@width=\dimen342
\TX@old@table=\dimen343
\TX@old@col=\dimen344
\TX@target=\dimen345
\TX@delta=\dimen346
\TX@cols=\count354
\TX@ftn=\toks56
) (C:\Users\TimofeyT\AppData\Local\Programs\MiKTeX\tex/latex/picture\picture.sty
Package: picture 2020-04-22 v1.6 Dimens for picture macros (HO)
Package picture Info: Calculation method: calc.
) (C:\Users\TimofeyT\AppData\Local\Programs\MiKTeX\tex/latex/ragged2e\ragged2e.sty
Package: ragged2e 2021/02/05 v3.0 ragged2e Package
 (C:\Users\TimofeyT\AppData\Local\Programs\MiKTeX\tex/latex/everysel\everysel.sty
Package: everysel 2021/01/20 v2.1 EverySelectfont Package (MS)
 (C:\Users\TimofeyT\AppData\Local\Programs\MiKTeX\tex/latex/everysel\everysel-2011-10-28.sty))
\CenteringLeftskip=\skip80
\RaggedLeftLeftskip=\skip81
\RaggedRightLeftskip=\skip82
\CenteringRightskip=\skip83
\RaggedLeftRightskip=\skip84
\RaggedRightRightskip=\skip85
\CenteringParfillskip=\skip86
\RaggedLeftParfillskip=\skip87
\RaggedRightParfillskip=\skip88
\JustifyingParfillskip=\skip89
\CenteringParindent=\skip90
\RaggedLeftParindent=\skip91
\RaggedRightParindent=\skip92
\JustifyingParindent=\skip93
) (C:\Users\TimofeyT\AppData\Local\Programs\MiKTeX\tex/latex/latex-tools\indentfirst.sty
Package: indentfirst 1995/11/23 v1.03 Indent first paragraph (DPC)
) (C:\Users\TimofeyT\AppData\Local\Programs\MiKTeX\tex/latex/latex-tools\hhline.sty
Package: hhline 2020/01/04 v2.04 Table rule package (DPC)
) (C:\Users\TimofeyT\AppData\Local\Programs\MiKTeX\tex/latex/slashbox\slashbox.sty
slashbox style by K.Yasuoka, May 1993.
\@slashboxa=\box83
\@slashboxb=\box84
\@slashboxc=\box85
\@slashboxwd=\count355
\@slashboxht=\count356
\@slashsepl=\dimen347
\@slashsepr=\dimen348
) (C:\Users\TimofeyT\AppData\Local\Programs\MiKTeX\tex/latex/psnfss\pifont.sty
Package: pifont 2020/03/25 PSNFSS-v9.3 Pi font support (SPQR) 
LaTeX Font Info:    Trying to load font information for U+pzd on input line 63.
 (C:\Users\TimofeyT\AppData\Local\Programs\MiKTeX\tex/latex/psnfss\upzd.fd
File: upzd.fd 2001/06/04 font definitions for U/pzd.
)
LaTeX Font Info:    Trying to load font information for U+psy on input line 64.
 (C:\Users\TimofeyT\AppData\Local\Programs\MiKTeX\tex/latex/psnfss\upsy.fd
File: upsy.fd 2001/06/04 font definitions for U/psy.
)) (C:\Users\TimofeyT\AppData\Local\Programs\MiKTeX\tex/latex/smartdiagram\smartdiagram.sty
Package: smartdiagram 2016/12/23 v0.3b Automatic creation of smart diagrams from lists of items.
 (C:\Users\TimofeyT\AppData\Local\Programs\MiKTeX\tex/latex/l3packages/xparse\xparse.sty (C:\Users\TimofeyT\AppData\Local\Programs\MiKTeX\tex/latex/l3kernel\expl3.sty
Package: expl3 2021-02-18 L3 programming layer (loader) 
 (C:\Users\TimofeyT\AppData\Local\Programs\MiKTeX\tex/latex/l3backend\l3backend-pdftex.def
File: l3backend-pdftex.def 2021-03-18 L3 backend support: PDF output (pdfTeX)
\l__color_backend_stack_int=\count357
\l__pdf_internal_box=\box86
)) (C:\Users\TimofeyT\AppData\Local\Programs\MiKTeX\tex/latex/l3packages/xparse\xparse-2020-10-01.sty (C:\Users\TimofeyT\AppData\Local\Programs\MiKTeX\tex/latex/l3packages/xparse\xparse-generic.tex))) (C:\Users\TimofeyT\AppData\Local\Programs\MiKTeX\tex/latex/xstring\xstring.sty (C:\Users\TimofeyT\AppData\Local\Programs\MiKTeX\tex/generic/xstring\xstring.tex
\integerpart=\count358
\decimalpart=\count359
)
Package: xstring 2021/07/21 v1.84 String manipulations (CT)
) (C:\Users\TimofeyT\AppData\Local\Programs\MiKTeX\tex/generic/pgf/frontendlayer/tikz/libraries\tikzlibrarybackgrounds.code.tex
File: tikzlibrarybackgrounds.code.tex 2020/12/27 v3.1.8b (3.1.8b)
\pgf@layerbox@background=\box87
\pgf@layerboxsaved@background=\box88
) (C:\Users\TimofeyT\AppData\Local\Programs\MiKTeX\tex/generic/pgf/frontendlayer/tikz/libraries\tikzlibrarycalc.code.tex
File: tikzlibrarycalc.code.tex 2020/12/27 v3.1.8b (3.1.8b)
) (C:\Users\TimofeyT\AppData\Local\Programs\MiKTeX\tex/generic/pgf/frontendlayer/tikz/libraries\tikzlibraryfadings.code.tex
File: tikzlibraryfadings.code.tex 2020/12/27 v3.1.8b (3.1.8b)
 (C:\Users\TimofeyT\AppData\Local\Programs\MiKTeX\tex/generic/pgf/libraries\pgflibraryfadings.code.tex
File: pgflibraryfadings.code.tex 2020/12/27 v3.1.8b (3.1.8b)
)) (C:\Users\TimofeyT\AppData\Local\Programs\MiKTeX\tex/generic/pgf/frontendlayer/tikz/libraries\tikzlibraryshadows.code.tex
File: tikzlibraryshadows.code.tex 2020/12/27 v3.1.8b (3.1.8b)
) (C:\Users\TimofeyT\AppData\Local\Programs\MiKTeX\tex/generic/pgf/frontendlayer/tikz/libraries\tikzlibraryshapes.arrows.code.tex
File: tikzlibraryshapes.arrows.code.tex 2020/12/27 v3.1.8b (3.1.8b)
 (C:\Users\TimofeyT\AppData\Local\Programs\MiKTeX\tex/generic/pgf/libraries/shapes\pgflibraryshapes.arrows.code.tex
File: pgflibraryshapes.arrows.code.tex 2020/12/27 v3.1.8b (3.1.8b)
)) (C:\Users\TimofeyT\AppData\Local\Programs\MiKTeX\tex/generic/pgf/frontendlayer/tikz/libraries\tikzlibraryshapes.symbols.code.tex
File: tikzlibraryshapes.symbols.code.tex 2020/12/27 v3.1.8b (3.1.8b)
 (C:\Users\TimofeyT\AppData\Local\Programs\MiKTeX\tex/generic/pgf/libraries/shapes\pgflibraryshapes.symbols.code.tex
File: pgflibraryshapes.symbols.code.tex 2020/12/27 v3.1.8b (3.1.8b)
))
\pgf@layerbox@smart diagram arrow back=\box89
\pgf@layerboxsaved@smart diagram arrow back=\box90
 (C:\Users\TimofeyT\AppData\Local\Programs\MiKTeX\tex/latex/smartdiagram\smartdiagramlibrarycore.definitions.code.tex) (C:\Users\TimofeyT\AppData\Local\Programs\MiKTeX\tex/latex/smartdiagram\smartdiagramlibrarycore.styles.code.tex) (C:\Users\TimofeyT\AppData\Local\Programs\MiKTeX\tex/latex/smartdiagram\smartdiagramlibrarycore.commands.code.tex)) (C:\Users\TimofeyT\AppData\Local\Programs\MiKTeX\tex/latex/caption\subcaption.sty
Package: subcaption 2020/10/07 v1.3j Sub-captions (AR)
 (C:\Users\TimofeyT\AppData\Local\Programs\MiKTeX\tex/latex/caption\caption.sty
Package: caption 2020/10/26 v3.5g Customizing captions (AR)
 (C:\Users\TimofeyT\AppData\Local\Programs\MiKTeX\tex/latex/caption\caption3.sty
Package: caption3 2020/10/21 v2.2e caption3 kernel (AR)
\captionmargin=\dimen349
\captionmargin@=\dimen350
\captionwidth=\dimen351
\caption@tempdima=\dimen352
\caption@indent=\dimen353
\caption@parindent=\dimen354
\caption@hangindent=\dimen355
Package caption Info: beamer document class detected.
 (C:\Users\TimofeyT\AppData\Local\Programs\MiKTeX\tex/latex/caption\caption-beamer.sto
File: caption-beamer.sto 2020/08/22 v2.0 Adaption of the caption package to the beamer document classes (AR)
))
\c@caption@flags=\count360
\c@continuedfloat=\count361
Package caption Info: hyperref package is loaded.
Package caption Info: Hyperref support is turned off
(caption)             because hyperref has stopped early.
)
\c@subfigure=\count362
\c@subtable=\count363
) (C:\Users\TimofeyT\AppData\Local\Programs\MiKTeX\tex/latex/colortbl\colortbl.sty
Package: colortbl 2020/01/04 v1.0e Color table columns (DPC)
\everycr=\toks57
\minrowclearance=\skip94
) (C:\Users\TimofeyT\AppData\Local\Programs\MiKTeX\tex/generic/pgf/frontendlayer/tikz/libraries\tikzlibraryer.code.tex
File: tikzlibraryer.code.tex 2020/12/27 v3.1.8b (3.1.8b)
 (C:\Users\TimofeyT\AppData\Local\Programs\MiKTeX\tex/generic/pgf/frontendlayer/tikz/libraries\tikzlibraryshapes.geometric.code.tex
File: tikzlibraryshapes.geometric.code.tex 2020/12/27 v3.1.8b (3.1.8b)
 (C:\Users\TimofeyT\AppData\Local\Programs\MiKTeX\tex/generic/pgf/libraries/shapes\pgflibraryshapes.geometric.code.tex
File: pgflibraryshapes.geometric.code.tex 2020/12/27 v3.1.8b (3.1.8b)
))) (C:\Users\TimofeyT\AppData\Local\Programs\MiKTeX\tex/generic/pgf/frontendlayer/tikz/libraries\tikzlibraryautomata.code.tex
File: tikzlibraryautomata.code.tex 2020/12/27 v3.1.8b (3.1.8b)
 (C:\Users\TimofeyT\AppData\Local\Programs\MiKTeX\tex/generic/pgf/frontendlayer/tikz/libraries\tikzlibraryshapes.multipart.code.tex
File: tikzlibraryshapes.multipart.code.tex 2020/12/27 v3.1.8b (3.1.8b)
 (C:\Users\TimofeyT\AppData\Local\Programs\MiKTeX\tex/generic/pgf/libraries/shapes\pgflibraryshapes.multipart.code.tex
File: pgflibraryshapes.multipart.code.tex 2020/12/27 v3.1.8b (3.1.8b)
\pgfnodepartlowerbox=\box91
\pgfnodeparttwobox=\box92
\pgfnodepartthreebox=\box93
\pgfnodepartfourbox=\box94
\pgfnodeparttwentybox=\box95
\pgfnodepartnineteenbox=\box96
\pgfnodeparteighteenbox=\box97
\pgfnodepartseventeenbox=\box98
\pgfnodepartsixteenbox=\box99
\pgfnodepartfifteenbox=\box100
\pgfnodepartfourteenbox=\box101
\pgfnodepartthirteenbox=\box102
\pgfnodeparttwelvebox=\box103
\pgfnodepartelevenbox=\box104
\pgfnodeparttenbox=\box105
\pgfnodepartninebox=\box106
\pgfnodeparteightbox=\box107
\pgfnodepartsevenbox=\box108
\pgfnodepartsixbox=\box109
\pgfnodepartfivebox=\box110
))) (C:\Users\TimofeyT\AppData\Local\Programs\MiKTeX\tex/generic/pgf/frontendlayer/tikz/libraries/graphs\tikzlibrarygraphs.code.tex
File: tikzlibrarygraphs.code.tex 2020/12/27 v3.1.8b (3.1.8b)
\tikz@lib@auto@number=\count364
\tikz@qnode@count=\count365
) (C:\Users\TimofeyT\AppData\Local\Programs\MiKTeX\tex/generic/pgf/frontendlayer/tikz/libraries\tikzlibrarypositioning.code.tex
File: tikzlibrarypositioning.code.tex 2020/12/27 v3.1.8b (3.1.8b)
) (C:\Users\TimofeyT\AppData\Local\Programs\MiKTeX\tex/generic/pgf/frontendlayer/tikz/libraries\tikzlibraryarrows.code.tex
File: tikzlibraryarrows.code.tex 2020/12/27 v3.1.8b (3.1.8b)
 (C:\Users\TimofeyT\AppData\Local\Programs\MiKTeX\tex/generic/pgf/libraries\pgflibraryarrows.code.tex
File: pgflibraryarrows.code.tex 2020/12/27 v3.1.8b (3.1.8b)
\arrowsize=\dimen356
)) (C:\Users\TimofeyT\AppData\Local\Programs\MiKTeX\tex/generic/pgf/frontendlayer/tikz/libraries\tikzlibraryspy.code.tex
File: tikzlibraryspy.code.tex 2020/12/27 v3.1.8b (3.1.8b)
\tikz@lib@spybox=\box111
) (C:\Users\TimofeyT\AppData\Local\Programs\MiKTeX\tex/latex/graphics\rotating.sty
Package: rotating 2016/08/11 v2.16d rotated objects in LaTeX
\c@r@tfl@t=\count366
\rotFPtop=\skip95
\rotFPbot=\skip96
\rot@float@box=\box112
\rot@mess@toks=\toks58
) (C:\Users\TimofeyT\AppData\Local\Programs\MiKTeX\tex/latex/setspace\setspace.sty
Package: setspace 2011/12/19 v6.7a set line spacing
) (C:\Users\TimofeyT\AppData\Local\Programs\MiKTeX\tex/latex/multirow\multirow.sty
Package: multirow 2021/03/15 v2.8 Span multiple rows of a table
\multirow@colwidth=\skip97
\multirow@cntb=\count367
\multirow@dima=\skip98
\bigstrutjot=\dimen357
) (C:\Users\TimofeyT\AppData\Local\Programs\MiKTeX\tex/latex/amsfonts\eucal.sty
Package: eucal 2009/06/22 v3.00 Euler Script fonts
LaTeX Font Info:    Overwriting math alphabet `\EuScript' in version `bold'
(Font)                  U/eus/m/n --> U/eus/b/n on input line 33.
) (C:\Users\TimofeyT\AppData\Local\Programs\MiKTeX\tex/latex/algorithms\algorithm.sty
Package: algorithm 2009/08/24 v0.1 Document Style `algorithm' - floating environment
 (C:\Users\TimofeyT\AppData\Local\Programs\MiKTeX\tex/latex/float\float.sty
Package: float 2001/11/08 v1.3d Float enhancements (AL)
\c@float@type=\count368
\float@exts=\toks59
\float@box=\box113
\@float@everytoks=\toks60
\@floatcapt=\box114
)
\@float@every@algorithm=\toks61
\c@algorithm=\count369
) (C:\Users\TimofeyT\AppData\Local\Programs\MiKTeX\tex/latex/algorithmicx\algorithmicx.sty
Package: algorithmicx 2005/04/27 v1.2 Algorithmicx

Document Style algorithmicx 1.2 - a greatly improved `algorithmic' style
\c@ALG@line=\count370
\c@ALG@rem=\count371
\c@ALG@nested=\count372
\ALG@tlm=\skip99
\ALG@thistlm=\skip100
\c@ALG@Lnr=\count373
\c@ALG@blocknr=\count374
\c@ALG@storecount=\count375
\c@ALG@tmpcounter=\count376
\ALG@tmplength=\skip101
) (C:\Users\TimofeyT\AppData\Local\Programs\MiKTeX\tex/latex/algorithmicx\algpseudocode.sty
Package: algpseudocode 

Document Style - pseudocode environments for use with the `algorithmicx' style
) (C:\Users\TimofeyT\AppData\Local\Programs\MiKTeX\tex/latex/base\flafter.sty
Package: flafter 2018/11/28 v1.4d Standard LaTeX floats after reference (FMi)
Applying: [2015/01/01] float order in 2-column on input line 49.
Already applied: [0000/00/00] float order in 2-column on input line 151.
) (C:\Users\TimofeyT\AppData\Local\Programs\MiKTeX\tex/latex/enumitem\enumitem.sty
Package: enumitem 2019/06/20 v3.9 Customized lists
\labelindent=\skip102
\enit@outerparindent=\dimen358
\enit@toks=\toks62
\enit@inbox=\box115
\enit@count@id=\count377
\enitdp@description=\count378
) (C:\Users\TimofeyT\AppData\Local\Programs\MiKTeX\tex/generic/pgf/frontendlayer/tikz/libraries\tikzlibraryshapes.code.tex
File: tikzlibraryshapes.code.tex 2020/12/27 v3.1.8b (3.1.8b)
 (C:\Users\TimofeyT\AppData\Local\Programs\MiKTeX\tex/generic/pgf/frontendlayer/tikz/libraries\tikzlibraryshapes.misc.code.tex
File: tikzlibraryshapes.misc.code.tex 2020/12/27 v3.1.8b (3.1.8b)
 (C:\Users\TimofeyT\AppData\Local\Programs\MiKTeX\tex/generic/pgf/libraries/shapes\pgflibraryshapes.misc.code.tex
File: pgflibraryshapes.misc.code.tex 2020/12/27 v3.1.8b (3.1.8b)
)) (C:\Users\TimofeyT\AppData\Local\Programs\MiKTeX\tex/generic/pgf/frontendlayer/tikz/libraries\tikzlibraryshapes.callouts.code.tex (C:\Users\TimofeyT\AppData\Local\Programs\MiKTeX\tex/generic/pgf/libraries/shapes\pgflibraryshapes.callouts.code.tex))) (C:\Users\TimofeyT\AppData\Local\Programs\MiKTeX\tex/generic/pgf/frontendlayer/tikz/libraries\tikzlibrarytrees.code.tex
File: tikzlibrarytrees.code.tex 2020/12/27 v3.1.8b (3.1.8b)
) (C:\Users\TimofeyT\AppData\Local\Programs\MiKTeX\tex/latex/pscyr\pscyr.sty
Package: pscyr 2002/07/04 v0.4d Cyrillic Type1 fonts as default
) (C:\Users\TimofeyT\AppData\Local\Programs\MiKTeX\tex/latex/beamer\beamerthemeMadrid.sty (C:\Users\TimofeyT\AppData\Local\Programs\MiKTeX\tex/latex/beamer\beamercolorthemewhale.sty) (C:\Users\TimofeyT\AppData\Local\Programs\MiKTeX\tex/latex/beamer\beamercolorthemeorchid.sty) (C:\Users\TimofeyT\AppData\Local\Programs\MiKTeX\tex/latex/beamer\beamerinnerthemerounded.sty) (C:\Users\TimofeyT\AppData\Local\Programs\MiKTeX\tex/latex/beamer\beamerouterthemeinfolines.sty))
\beamer@fancy@lineup=\skip103
\beamer@fancy@linemid=\skip104
\beamer@fancy@linebottom=\skip105
\beamer@fancy@normalmargin=\skip106
Package caption Info: Option `figurename' requires the `newfloat' package on input line 265.
 (C:\Users\TimofeyT\AppData\Local\Programs\MiKTeX\tex/latex/newfloat\newfloat.sty
Package: newfloat 2019/09/02 v1.1l Defining new floating environments (AR)
Package newfloat Info: `rotating' package detected.
) (C:\Users\TimofeyT\AppData\Local\Programs\MiKTeX\tex/latex/beamer\beamerfontthemeserif.sty) (C:\Users\TimofeyT\AppData\Local\Programs\MiKTeX\tex/latex/beamer\beamercolorthemestructure.sty) (C:\Users\TimofeyT\AppData\Local\Programs\MiKTeX\tex/latex/beamer\beamerfontthemestructurebold.sty)

Package hyperref Warning: Token not allowed in a PDF string (Unicode):
(hyperref)                removing `\leavevmode@ifvmode' on input line 350.


Package hyperref Warning: Token not allowed in a PDF string (Unicode):
(hyperref)                \kern 1.66661pt
(hyperref)                removed on input line 350.


Package hyperref Warning: Token not allowed in a PDF string (Unicode):
(hyperref)                removing `\leavevmode@ifvmode' on input line 350.


Package hyperref Warning: Token not allowed in a PDF string (Unicode):
(hyperref)                \kern 1.66661pt
(hyperref)                removed on input line 350.


Package hyperref Warning: Token not allowed in a PDF string (Unicode):
(hyperref)                \hskip 19.99512pt
(hyperref)                replaced by space on input line 400.

LaTeX Font Info:    Trying to load font information for T2A+ftx on input line 400.
(C:\Users\TimofeyT\AppData\Local\Programs\MiKTeX\tex/latex/pscyr\t2aftx.fd
File: t2aftx.fd 2004/09/23 Fontinst v1.914 font definitions for T2A/ftx.
) (Otchet_NIR_Tislenko.aux)
\openout1 = `Otchet_NIR_Tislenko.aux'.

LaTeX Font Info:    Checking defaults for OML/cmm/m/it on input line 400.
LaTeX Font Info:    ... okay on input line 400.
LaTeX Font Info:    Checking defaults for OMS/cmsy/m/n on input line 400.
LaTeX Font Info:    ... okay on input line 400.
LaTeX Font Info:    Checking defaults for OT1/cmr/m/n on input line 400.
LaTeX Font Info:    ... okay on input line 400.
LaTeX Font Info:    Checking defaults for T1/cmr/m/n on input line 400.
LaTeX Font Info:    ... okay on input line 400.
LaTeX Font Info:    Checking defaults for TS1/cmr/m/n on input line 400.
LaTeX Font Info:    ... okay on input line 400.
LaTeX Font Info:    Checking defaults for OMX/cmex/m/n on input line 400.
LaTeX Font Info:    ... okay on input line 400.
LaTeX Font Info:    Checking defaults for U/cmr/m/n on input line 400.
LaTeX Font Info:    ... okay on input line 400.
LaTeX Font Info:    Checking defaults for PD1/pdf/m/n on input line 400.
LaTeX Font Info:    ... okay on input line 400.
LaTeX Font Info:    Checking defaults for PU/pdf/m/n on input line 400.
LaTeX Font Info:    ... okay on input line 400.
LaTeX Font Info:    Checking defaults for T2A/cmr/m/n on input line 400.
LaTeX Font Info:    Trying to load font information for T2A+cmr on input line 400.
 (C:\Users\TimofeyT\AppData\Local\Programs\MiKTeX\tex/latex/cyrillic\t2acmr.fd
File: t2acmr.fd 2001/08/11 v1.0a Computer Modern Cyrillic font definitions
)
LaTeX Font Info:    ... okay on input line 400.

*geometry* driver: auto-detecting
*geometry* detected driver: pdftex
*geometry* verbose mode - [ preamble ] result:
* driver: pdftex
* paper: custom
* layout: <same size as paper>
* layoutoffset:(h,v)=(0.0pt,0.0pt)
* modes: includehead includefoot 
* h-part:(L,W,R)=(12.80365pt, 429.63678pt, 12.80365pt)
* v-part:(T,H,B)=(0.0pt, 284.52756pt, 0.0pt)
* \paperwidth=455.24408pt
* \paperheight=284.52756pt
* \textwidth=429.63678pt
* \textheight=256.07483pt
* \oddsidemargin=-59.46634pt
* \evensidemargin=-59.46634pt
* \topmargin=-72.26999pt
* \headheight=14.22636pt
* \headsep=0.0pt
* \topskip=10.0pt
* \footskip=14.22636pt
* \marginparwidth=3.0pt
* \marginparsep=11.0pt
* \columnsep=10.0pt
* \skip\footins=9.0pt plus 4.0pt minus 2.0pt
* \hoffset=0.0pt
* \voffset=0.0pt
* \mag=1000
* \@twocolumnfalse
* \@twosidefalse
* \@mparswitchfalse
* \@reversemarginfalse
* (1in=72.27pt=25.4mm, 1cm=28.453pt)

(C:\Users\TimofeyT\AppData\Local\Programs\MiKTeX\tex/context/base/mkii\supp-pdf.mkii
[Loading MPS to PDF converter (version 2006.09.02).]
\scratchcounter=\count379
\scratchdimen=\dimen359
\scratchbox=\box116
\nofMPsegments=\count380
\nofMParguments=\count381
\everyMPshowfont=\toks63
\MPscratchCnt=\count382
\MPscratchDim=\dimen360
\MPnumerator=\count383
\makeMPintoPDFobject=\count384
\everyMPtoPDFconversion=\toks64
) (C:\Users\TimofeyT\AppData\Local\Programs\MiKTeX\tex/latex/epstopdf-pkg\epstopdf-base.sty
Package: epstopdf-base 2020-01-24 v2.11 Base part for package epstopdf
Package epstopdf-base Info: Redefining graphics rule for `.eps' on input line 485.
 (C:\Users\TimofeyT\AppData\Local\Programs\MiKTeX\tex/latex/00miktex\epstopdf-sys.cfg
File: epstopdf-sys.cfg 2021/03/18 v2.0 Configuration of epstopdf for MiKTeX
))
Package hyperref Info: Link coloring OFF on input line 400.
 (C:\Users\TimofeyT\AppData\Local\Programs\MiKTeX\tex/latex/hyperref\nameref.sty
Package: nameref 2021-04-02 v2.47 Cross-referencing by name of section
 (C:\Users\TimofeyT\AppData\Local\Programs\MiKTeX\tex/generic/gettitlestring\gettitlestring.sty
Package: gettitlestring 2019/12/15 v1.6 Cleanup title references (HO)
)
\c@section@level=\count385
)
LaTeX Info: Redefining \ref on input line 400.
LaTeX Info: Redefining \pageref on input line 400.
LaTeX Info: Redefining \nameref on input line 400.
 (Otchet_NIR_Tislenko.out) (Otchet_NIR_Tislenko.out)
\@outlinefile=\write6
\openout6 = `Otchet_NIR_Tislenko.out'.

\symnumbers=\mathgroup7
\sympureletters=\mathgroup8
LaTeX Font Info:    Overwriting math alphabet `\mathrm' in version `normal'
(Font)                  OT1/cmr/m/n --> T2A/ftm/m/n on input line 400.
LaTeX Font Info:    Redeclaring math alphabet \mathbf on input line 400.
LaTeX Font Info:    Overwriting math alphabet `\mathbf' in version `normal'
(Font)                  OT1/cmr/bx/n --> T2A/ftm/b/n on input line 400.
LaTeX Font Info:    Overwriting math alphabet `\mathbf' in version `bold'
(Font)                  OT1/cmr/bx/n --> T2A/ftm/b/n on input line 400.
LaTeX Font Info:    Redeclaring math alphabet \mathsf on input line 400.
LaTeX Font Info:    Overwriting math alphabet `\mathsf' in version `normal'
(Font)                  OT1/cmss/m/n --> T2A/ftx/m/n on input line 400.
LaTeX Font Info:    Overwriting math alphabet `\mathsf' in version `bold'
(Font)                  OT1/cmss/bx/n --> T2A/ftx/m/n on input line 400.
LaTeX Font Info:    Redeclaring math alphabet \mathit on input line 400.
LaTeX Font Info:    Overwriting math alphabet `\mathit' in version `normal'
(Font)                  OT1/cmr/m/it --> T2A/ftm/m/it on input line 400.
LaTeX Font Info:    Overwriting math alphabet `\mathit' in version `bold'
(Font)                  OT1/cmr/bx/it --> T2A/ftm/m/it on input line 400.
LaTeX Font Info:    Redeclaring math alphabet \mathtt on input line 400.
LaTeX Font Info:    Overwriting math alphabet `\mathtt' in version `normal'
(Font)                  OT1/cmtt/m/n --> T2A/fer/m/n on input line 400.
LaTeX Font Info:    Overwriting math alphabet `\mathtt' in version `bold'
(Font)                  OT1/cmtt/m/n --> T2A/fer/m/n on input line 400.
LaTeX Font Info:    Overwriting symbol font `numbers' in version `bold'
(Font)                  T2A/ftm/m/n --> T2A/ftm/b/n on input line 400.
LaTeX Font Info:    Overwriting symbol font `pureletters' in version `bold'
(Font)                  T2A/ftm/m/it --> T2A/ftm/b/it on input line 400.
LaTeX Font Info:    Overwriting math alphabet `\mathrm' in version `bold'
(Font)                  OT1/cmr/bx/n --> T2A/ftm/b/n on input line 400.
LaTeX Font Info:    Overwriting math alphabet `\mathbf' in version `bold'
(Font)                  T2A/ftm/b/n --> T2A/ftm/b/n on input line 400.
LaTeX Font Info:    Overwriting math alphabet `\mathsf' in version `bold'
(Font)                  T2A/ftx/m/n --> T2A/ftx/b/n on input line 400.
LaTeX Font Info:    Overwriting math alphabet `\mathit' in version `bold'
(Font)                  T2A/ftm/m/it --> T2A/ftm/b/it on input line 400.
LaTeX Font Info:    Overwriting math alphabet `\mathtt' in version `bold'
(Font)                  T2A/fer/m/n --> T2A/fer/b/n on input line 400.
 (C:\Users\TimofeyT\AppData\Local\Programs\MiKTeX\tex/latex/translator\translator-basic-dictionary-English.dict
Dictionary: translator-basic-dictionary, Language: English 
) (C:\Users\TimofeyT\AppData\Local\Programs\MiKTeX\tex/latex/translator\translator-bibliography-dictionary-English.dict
Dictionary: translator-bibliography-dictionary, Language: English 
) (C:\Users\TimofeyT\AppData\Local\Programs\MiKTeX\tex/latex/translator\translator-environment-dictionary-English.dict
Dictionary: translator-environment-dictionary, Language: English 
) (C:\Users\TimofeyT\AppData\Local\Programs\MiKTeX\tex/latex/translator\translator-months-dictionary-English.dict
Dictionary: translator-months-dictionary, Language: English 
) (C:\Users\TimofeyT\AppData\Local\Programs\MiKTeX\tex/latex/translator\translator-numbers-dictionary-English.dict
Dictionary: translator-numbers-dictionary, Language: English 
) (C:\Users\TimofeyT\AppData\Local\Programs\MiKTeX\tex/latex/translator\translator-theorem-dictionary-English.dict
Dictionary: translator-theorem-dictionary, Language: English 
)
LaTeX Info: Redefining \th on input line 400.
Package soulpos Info: Loading soulutf8 on input line 400.
 (C:\Users\TimofeyT\AppData\Local\Programs\MiKTeX\tex/generic/soulutf8\soulutf8.sty
Package: soulutf8 2019/12/15 v1.2 Permit use of UTF-8 characters in soul (HO)
 (C:\Users\TimofeyT\AppData\Local\Programs\MiKTeX\tex/generic/soul\soul.sty
Package: soul 2003/11/17 v2.4 letterspacing/underlining (mf)
\SOUL@word=\toks65
\SOUL@lasttoken=\toks66
\SOUL@cmds=\toks67
\SOUL@buffer=\toks68
\SOUL@token=\toks69
\SOUL@spaceskip=\skip107
\SOUL@ttwidth=\dimen361
\SOUL@uldp=\dimen362
\SOUL@ulht=\dimen363
))

Package pgfplots Warning: running in backwards compatibility mode (unsuitable tick labels; missing features). Consider writing \pgfplotsset{compat=1.17} into your preamble.
 on input line 400.

ABD: EverySelectfont initializing macros
LaTeX Info: Redefining \selectfont on input line 400.
Package caption Info: Begin \AtBeginDocument code.
Package caption Info: float package is loaded.
Package caption Info: rotating package is loaded.
Package caption Info: End \AtBeginDocument code.
Package newfloat Info: `float' package detected.
 (Otchet_NIR_Tislenko.nav)
LaTeX Font Info:    Font shape `T2A/ftx/b/n' in size <5> not available
(Font)              Font shape `T2A/ftx/bx/n' tried instead on input line 400.

Overfull \hbox (1.74998pt too wide) in paragraph at lines 400--400
[][]  
 []

LaTeX Font Info:    Font shape `T2A/ftx/b/n' in size <10> not available
(Font)              Font shape `T2A/ftx/bx/n' tried instead on input line 435.
LaTeX Font Info:    Font shape `T2A/ftx/b/n' in size <14.4> not available
(Font)              Font shape `T2A/ftx/bx/n' tried instead on input line 435.
LaTeX Font Info:    Font shape `T2A/ftx/b/n' in size <20.74> not available
(Font)              Font shape `T2A/ftx/bx/n' tried instead on input line 435.
[1

\openout5 = `Otchet_NIR_Tislenko.upa'.

{C:/Users/TimofeyT/AppData/Local/MiKTeX/pdftex/config/pdftex.map}]
<images/jams.png, id=62, 630.85687pt x 322.20375pt>
File: images/jams.png Graphic file (type png)
<use images/jams.png>
Package pdftex.def Info: images/jams.png  used on input line 449.
(pdftex.def)             Requested size: 317.9112pt x 162.36581pt.
LaTeX Font Info:    Font shape `T2A/ftx/b/n' in size <9> not available
(Font)              Font shape `T2A/ftx/bx/n' tried instead on input line 449.
LaTeX Font Info:    Font shape `T2A/ftx/b/n' in size <4> not available
(Font)              Font shape `T2A/ftx/bx/n' tried instead on input line 449.

Overfull \hbox (1.74998pt too wide) has occurred while \output is active
[][] 
 []

[2

 <./images/jams.png>]
Overfull \hbox (1.74998pt too wide) has occurred while \output is active
[][] 
 []

[3

]
LaTeX Font Info:    Trying to load font information for U+msa on input line 498.
 (C:\Users\TimofeyT\AppData\Local\Programs\MiKTeX\tex/latex/amsfonts\umsa.fd
File: umsa.fd 2013/01/14 v3.01 AMS symbols A
)
LaTeX Font Info:    Trying to load font information for U+msb on input line 498.
 (C:\Users\TimofeyT\AppData\Local\Programs\MiKTeX\tex/latex/amsfonts\umsb.fd
File: umsb.fd 2013/01/14 v3.01 AMS symbols B
)
LaTeX Font Info:    Trying to load font information for U+rsfs on input line 498.
 (C:\Users\TimofeyT\AppData\Local\Programs\MiKTeX\tex/latex/jknappen\ursfs.fd
File: ursfs.fd 1998/03/24 rsfs font definition file (jk)
)
LaTeX Font Info:    Trying to load font information for T2A+ftm on input line 498.
 (C:\Users\TimofeyT\AppData\Local\Programs\MiKTeX\tex/latex/pscyr\t2aftm.fd
File: t2aftm.fd 2001/12/09 Fontinst v1.914 font definitions for T2A/ftm.
)
Overfull \hbox (1.74998pt too wide) has occurred while \output is active
[][] 
 []

[4

]
Underfull \hbox (badness 10000) in paragraph at lines 525--525
[]$\T2A/ftm/m/it/10 A[]$ \T2A/ftx/m/n/10 ---- ----- - $\T2A/ftm/m/it/10 n[]\U/msb/m/n/10 Z$\T2A/ftx/m/n/10 , ..  --- ,
 []


Underfull \hbox (badness 1270) in paragraph at lines 525--525
\T2A/ftm/m/it/10 A[] \OT1/cmr/m/n/10 = []$\T2A/ftx/m/n/10 ,  $\T2A/ftm/m/it/10 a[]$ \T2A/ftx/m/n/10 ------  <<-
 []


Class beamer Warning: Frame text is shrunk by a factor of 8.72345 percent instead of 0 percent on input line 525.


Overfull \hbox (1.74998pt too wide) has occurred while \output is active
[][] 
 []

[5

]
<images/intersection1.png, id=145, 588.69937pt x 361.35pt>
File: images/intersection1.png Graphic file (type png)
<use images/intersection1.png>
Package pdftex.def Info: images/intersection1.png  used on input line 554.
(pdftex.def)             Requested size: 128.89233pt x 79.11679pt.

Overfull \hbox (1.74998pt too wide) has occurred while \output is active
[][] 
 []

[6

 <./images/intersection1.png>]
<images/intersection2.png, id=156, 624.83438pt x 904.88063pt>
File: images/intersection2.png Graphic file (type png)
<use images/intersection2.png>
Package pdftex.def Info: images/intersection2.png  used on input line 607.
(pdftex.def)             Requested size: 124.96466pt x 180.97292pt.

Overfull \hbox (1.74998pt too wide) has occurred while \output is active
[][] 
 []

[7

 <./images/intersection2.png>]
Overfull \hbox (1.74998pt too wide) has occurred while \output is active
[][] 
 []

[8

]
Overfull \hbox (1.74998pt too wide) has occurred while \output is active
[][] 
 []

[9

]
Overfull \hbox (1.74998pt too wide) has occurred while \output is active
[][] 
 []

[10

]
<images/fixed.png, id=233, 498.36188pt x 244.66406pt>
File: images/fixed.png Graphic file (type png)
<use images/fixed.png>
Package pdftex.def Info: images/fixed.png  used on input line 703.
(pdftex.def)             Requested size: 193.33524pt x 94.9146pt.
<images/vary.png, id=234, 456.20438pt x 249.93375pt>
File: images/vary.png Graphic file (type png)
<use images/vary.png>
Package pdftex.def Info: images/vary.png  used on input line 703.
(pdftex.def)             Requested size: 171.85208pt x 94.14824pt.

Overfull \hbox (1.74998pt too wide) has occurred while \output is active
[][] 
 []

[11

 <./images/fixed.png> <./images/vary.png>]
<images/7.png, id=244, 575.90157pt x 197.98969pt>
File: images/7.png Graphic file (type png)
<use images/7.png>
Package pdftex.def Info: images/7.png  used on input line 717.
(pdftex.def)             Requested size: 429.63678pt x 147.70943pt.

Overfull \hbox (1.74998pt too wide) has occurred while \output is active
[][] 
 []

[12

 <./images/7.png>]
Overfull \hbox (1.74998pt too wide) has occurred while \output is active
[][] 
 []

[13

]
<images/set.png, id=259, 950.04938pt x 531.48563pt>
File: images/set.png Graphic file (type png)
<use images/set.png>
Package pdftex.def Info: images/set.png  used on input line 740.
(pdftex.def)             Requested size: 214.81839pt x 120.17111pt.

Overfull \hbox (1.74998pt too wide) has occurred while \output is active
[][] 
 []

[14

 <./images/set.png>]
<images/Sv-G.png, id=267, 749.04843pt x 448.67625pt>
File: images/Sv-G.png Graphic file (type png)
<use images/Sv-G.png>
Package pdftex.def Info: images/Sv-G.png  used on input line 752.
(pdftex.def)             Requested size: 214.81839pt x 128.67506pt.

Overfull \hbox (1.74998pt too wide) has occurred while \output is active
[][] 
 []

[15

 <./images/Sv-G.png>]
Overfull \hbox (1.74998pt too wide) has occurred while \output is active
[][] 
 []

[16

]
Overfull \hbox (1.74998pt too wide) has occurred while \output is active
[][] 
 []

[17

 <C:/Users/TimofeyT/AppData/Local/Programs/MiKTeX/tex/latex/beamer/beamericonarticle.pdf>]
\tf@nav=\write7
\openout7 = `Otchet_NIR_Tislenko.nav'.

\tf@toc=\write8
\openout8 = `Otchet_NIR_Tislenko.toc'.

\tf@snm=\write9
\openout9 = `Otchet_NIR_Tislenko.snm'.

 (Otchet_NIR_Tislenko.aux
LaTeX Font Info:    Trying to load font information for T1+ftx on input line 23.
 (C:\Users\TimofeyT\AppData\Local\Programs\MiKTeX\tex/latex/pscyr\t1ftx.fd
File: t1ftx.fd 2004/03/22 Fontinst v1.914 font definitions for T1/ftx.
))
Package rerunfilecheck Info: File `Otchet_NIR_Tislenko.out' has not changed.
(rerunfilecheck)             Checksum: D41D8CD98F00B204E9800998ECF8427E;0.
 ) 
Here is how much of TeX's memory you used:
 50126 strings out of 481019
 1198605 string characters out of 2903868
 1628939 words of memory out of 3000000
 66242 multiletter control sequences out of 15000+600000
 439771 words of font info for 90 fonts, out of 8000000 for 9000
 198 hyphenation exceptions out of 8191
 112i,15n,131p,792b,1137s stack positions out of 5000i,500n,10000p,200000b,80000s
{C:/Users/TimofeyT/AppData/Local/Programs/MiKTeX/fonts/enc/dvips/t2/t2a.enc}<C:/Users/TimofeyT/AppData/Local/Programs/MiKTeX/fonts/type1/public/amsfonts/cm/cmex10.pfb><C:/Users/TimofeyT/AppData/Local/Programs/MiKTeX/fonts/type1/public/amsfonts/cm/cmmi10.pfb><C:/Users/TimofeyT/AppData/Local/Programs/MiKTeX/fonts/type1/public/amsfonts/cm/cmmi7.pfb><C:/Users/TimofeyT/AppData/Local/Programs/MiKTeX/fonts/type1/public/amsfonts/cm/cmr10.pfb><C:/Users/TimofeyT/AppData/Local/Programs/MiKTeX/fonts/type1/public/amsfonts/cm/cmr5.pfb><C:/Users/TimofeyT/AppData/Local/Programs/MiKTeX/fonts/type1/public/amsfonts/cm/cmr6.pfb><C:/Users/TimofeyT/AppData/Local/Programs/MiKTeX/fonts/type1/public/amsfonts/cm/cmr7.pfb><C:/Users/TimofeyT/AppData/Local/Programs/MiKTeX/fonts/type1/public/amsfonts/cm/cmsy10.pfb><C:/Users/TimofeyT/AppData/Local/Programs/MiKTeX/fonts/type1/public/amsfonts/cm/cmsy5.pfb><C:/Users/TimofeyT/AppData/Local/Programs/MiKTeX/fonts/type1/public/amsfonts/cm/cmsy7.pfb><C:/Users/TimofeyT/AppData/Local/Programs/MiKTeX/fonts/type1/public/amsfonts/symbols/msbm10.pfb><C:/Users/TimofeyT/AppData/Local/Programs/MiKTeX/fonts/type1/public/pscyr/textb19.pfb><C:/Users/TimofeyT/AppData/Local/Programs/MiKTeX/fonts/type1/public/pscyr/textb20.pfb><C:/Users/TimofeyT/AppData/Local/Programs/MiKTeX/fonts/type1/public/pscyr/times.pfb><C:/Users/TimofeyT/AppData/Local/Programs/MiKTeX/fonts/type1/public/pscyr/timesi.pfb>
Output written on Otchet_NIR_Tislenko.pdf (17 pages, 3107042 bytes).
PDF statistics:
 372 PDF objects out of 1000 (max. 8388607)
 44 named destinations out of 1000 (max. 500000)
 557 words of extra memory for PDF output out of 10000 (max. 10000000)

